cuda
Started at 2023-03-02 21:22:50.276392
(2541878, 14)
Static features ['UNDER5', 'AGE517', 'AGE1829', 'AGE3039', 'AGE4049', 'AGE5064', 'AGE6574', 'AGE75PLUS'].   Choosing feature AGE3039.
There are 3142 unique counties in the dataset.
Train samples 2001454, validation samples 87976, test samples 87976
637 days of training, 15 days of validation data, 15 days of test data.
Scaling static and dynamic input features: ['AGE3039', 'VaccinationFull']
Scaling targets ['Cases']
Number of parameters in network: 16.5k

---Training results--

Delta 0.0001.
Feature AGE3039, mu_star 0.0042328, sensitivity 0.00036431
Feature VaccinationFull, mu_star 0.0020776, sensitivity 0.00038512

Delta 0.0002.
Feature AGE3039, mu_star 0.004258, sensitivity 0.00036648
Feature VaccinationFull, mu_star 0.002475, sensitivity 0.00045878

Delta 0.0003.
Feature AGE3039, mu_star 0.002906, sensitivity 0.00025011
Feature VaccinationFull, mu_star 0.0021232, sensitivity 0.00039357

Delta 0.0004.
Feature AGE3039, mu_star 0.0037227, sensitivity 0.00032041
Feature VaccinationFull, mu_star 0.0024447, sensitivity 0.00045316

Delta 0.0005.
Feature AGE3039, mu_star 0.0038361, sensitivity 0.00033016
Feature VaccinationFull, mu_star 0.0022458, sensitivity 0.0004163

Delta 0.0006.
Feature AGE3039, mu_star 0.0032841, sensitivity 0.00028266
Feature VaccinationFull, mu_star 0.0023902, sensitivity 0.00044307

Delta 0.0007.
Feature AGE3039, mu_star 0.0035943, sensitivity 0.00030936
Feature VaccinationFull, mu_star 0.002345, sensitivity 0.00043468

Delta 0.0008.
Feature AGE3039, mu_star 0.0037207, sensitivity 0.00032024
Feature VaccinationFull, mu_star 0.0024128, sensitivity 0.00044725

Delta 0.0009.
Feature AGE3039, mu_star 0.0038496, sensitivity 0.00033133
Feature VaccinationFull, mu_star 0.0022778, sensitivity 0.00042223

Delta 0.001.
Feature AGE3039, mu_star 0.0038802, sensitivity 0.00033396
Feature VaccinationFull, mu_star 0.0021912, sensitivity 0.00040617

0.0001
0.0002
0.0003
0.0004
0.0005
0.0006
0.0007
0.0008
0.0009
0.001
Ended at 2023-03-03 03:21:51.716952. Elapsed time 5:59:01.440570
