cuda
Started at 2023-02-28 21:55:18.969999
(2541878, 14)
Static features ['UNDER5', 'AGE517', 'AGE1829', 'AGE3039', 'AGE4049', 'AGE5064', 'AGE6574', 'AGE75PLUS'].   Choosing feature AGE3039.
There are 3142 unique counties in the dataset.
Train samples 2001454, validation samples 87976, test samples 87976
637 days of training, 15 days of validation data, 15 days of test data.
Scaling static and dynamic input features: ['AGE3039', 'VaccinationFull']
Scaling targets ['Cases']
Number of parameters in network: 16.5k

---Training results--

Delta -0.001.
Feature AGE3039, mu_star -1.773e-06, sensitivity -1.526e-07
Feature VaccinationFull, mu_star 6.4136e-05, sensitivity 1.1889e-05

Delta -0.0008.
Feature AGE3039, mu_star 2.9221e-06, sensitivity 2.515e-07
Feature VaccinationFull, mu_star 6.7912e-05, sensitivity 1.2589e-05

Delta -0.0006.
Feature AGE3039, mu_star 2.7494e-06, sensitivity 2.3663e-07
Feature VaccinationFull, mu_star 5.8952e-05, sensitivity 1.0928e-05

Delta -0.0004.
Feature AGE3039, mu_star 8.6173e-06, sensitivity 7.4168e-07
Feature VaccinationFull, mu_star 5.9035e-05, sensitivity 1.0943e-05

Delta -0.0002.
Feature AGE3039, mu_star -9.9896e-06, sensitivity -8.5979e-07
Feature VaccinationFull, mu_star 4.8328e-05, sensitivity 8.9584e-06

Delta 0.0002.
Feature AGE3039, mu_star -3.0886e-05, sensitivity -2.6583e-06
Feature VaccinationFull, mu_star 0.0001004, sensitivity 1.8612e-05

Delta 0.0004.
Feature AGE3039, mu_star -4.2745e-05, sensitivity -3.679e-06
Feature VaccinationFull, mu_star 8.2883e-05, sensitivity 1.5364e-05

Delta 0.0006.
Feature AGE3039, mu_star -3.0709e-05, sensitivity -2.6431e-06
Feature VaccinationFull, mu_star 8.0239e-05, sensitivity 1.4874e-05

Delta 0.0008.
Feature AGE3039, mu_star -2.8323e-05, sensitivity -2.4377e-06
Feature VaccinationFull, mu_star 8.3024e-05, sensitivity 1.539e-05

Delta 0.001.
Feature AGE3039, mu_star -8.6845e-06, sensitivity -7.4746e-07
Feature VaccinationFull, mu_star 9.0724e-05, sensitivity 1.6817e-05

-0.001
-0.0008
-0.0006
-0.0004
-0.0002
0.0002
0.0004
0.0006
0.0008
0.001
Ended at 2023-03-01 04:25:29.288917. Elapsed time 6:30:10.318929
