cuda
(2541878, 14)
Static features ['UNDER5', 'AGE517', 'AGE1829', 'AGE3039', 'AGE4049', 'AGE5064', 'AGE6574', 'AGE75PLUS'].   Choosing feature AGE1829.
There are 3142 unique counties in the dataset.
Train samples 2001454, validation samples 87976, test samples 87976
637 days of training, 15 days of validation data, 15 days of test data.
Scaling static and dynamic input features: ['AGE1829', 'VaccinationFull']
Scaling targets ['Cases']
Number of parameters in network: 16.5k

----Training started at 2023-02-28 12:03:24.998137----


----Training ended at 2023-02-28 15:25:38.732802, elapsed time 3:22:13.734665
Best model by validation loss saved at /home/xje4cy/MLcommons/TFT-pytorch-AgeGroups/results/AGE1829/checkpoints/best-epoch=2.ckpt
Creating folder ../results/AGE1829/figures
Loading best model from /home/xje4cy/MLcommons/TFT-pytorch-AgeGroups/results/AGE1829/checkpoints/best-epoch=2.ckpt

---Training prediction--


Train raw prediction shapes

prediction list of length 1 torch.Size([1916608, 15, 1])
encoder_attention torch.Size([1916608, 15, 4, 13])
decoder_attention torch.Size([1916608, 15, 4, 15])
static_variables torch.Size([1916608, 1, 1])
encoder_variables torch.Size([1916608, 13, 1, 3])
decoder_variables torch.Size([1916608, 15, 1, 1])
decoder_lengths torch.Size([1916608])
encoder_lengths torch.Size([1916608])

---Training results--

Target Cases, MAE 10.286, RMSE 56.889, RMSLE 0.88212, SMAPE 0.69686. NNSE 0.84418.


---Validation results--

Target Cases, MAE 19.325, RMSE 82.242, RMSLE 1.3085, SMAPE 0.86212. NNSE 0.74591.


---Test results--

Target Cases, MAE 30.654, RMSE 193.81, RMSLE 1.3395, SMAPE 0.84493. NNSE 0.68266.

Ended at 2023-02-28 15:47:15.444914. Elapsed time 3:43:50.446804
