cuda
Started at 2023-03-02 13:05:23.816690
(2541878, 14)
Static features ['UNDER5', 'AGE517', 'AGE1829', 'AGE3039', 'AGE4049', 'AGE5064', 'AGE6574', 'AGE75PLUS'].   Choosing feature AGE5064.
There are 3142 unique counties in the dataset.
Train samples 2001454, validation samples 87976, test samples 87976
637 days of training, 15 days of validation data, 15 days of test data.
Scaling static and dynamic input features: ['AGE5064', 'VaccinationFull']
Scaling targets ['Cases']
Number of parameters in network: 16.5k

---Training results--

Delta 2e-06.
Feature AGE5064, mu_star 4.7649e-06, sensitivity 4.051e-07
Feature VaccinationFull, mu_star 0.050391, sensitivity 0.0093408

Delta 4e-06.
Feature AGE5064, mu_star 2.8589e-06, sensitivity 2.4306e-07
Feature VaccinationFull, mu_star 0.025534, sensitivity 0.0047331

Delta 6e-06.
Feature AGE5064, mu_star 2.5413e-06, sensitivity 2.1605e-07
Feature VaccinationFull, mu_star 0.017173, sensitivity 0.0031833

Delta 8e-06.
Feature AGE5064, mu_star 1.906e-06, sensitivity 1.6204e-07
Feature VaccinationFull, mu_star 0.012971, sensitivity 0.0024044

Delta 1e-05.
Feature AGE5064, mu_star 1.906e-06, sensitivity 1.6204e-07
Feature VaccinationFull, mu_star 0.010465, sensitivity 0.0019399

Delta 2e-05.
Feature AGE5064, mu_star 0.01245, sensitivity 0.0010585
Feature VaccinationFull, mu_star 0.012061, sensitivity 0.0022356

Delta 4e-05.
Feature AGE5064, mu_star 0.0074247, sensitivity 0.00063123
Feature VaccinationFull, mu_star 0.0062436, sensitivity 0.0011574

Delta 6e-05.
Feature AGE5064, mu_star 0.0085341, sensitivity 0.00072554
Feature VaccinationFull, mu_star 0.0048672, sensitivity 0.00090221

Delta 8e-05.
Feature AGE5064, mu_star 0.0076627, sensitivity 0.00065146
Feature VaccinationFull, mu_star 0.0054925, sensitivity 0.0010181

Delta 0.0001.
Feature AGE5064, mu_star 0.007261, sensitivity 0.00061731
Feature VaccinationFull, mu_star 0.0049426, sensitivity 0.00091619

2e-06
4e-06
6e-06
8e-06
1e-05
2e-05
4e-05
6e-05
8e-05
0.0001
Ended at 2023-03-02 19:10:10.088452. Elapsed time 6:04:46.271783
