cuda
Started at 2023-03-01 15:11:42.287912
(2541878, 14)
Static features ['UNDER5', 'AGE517', 'AGE1829', 'AGE3039', 'AGE4049', 'AGE5064', 'AGE6574', 'AGE75PLUS'].   Choosing feature AGE5064.
There are 3142 unique counties in the dataset.
Train samples 2001454, validation samples 87976, test samples 87976
637 days of training, 15 days of validation data, 15 days of test data.
Scaling static and dynamic input features: ['AGE5064', 'VaccinationFull']
Scaling targets ['Cases']
Number of parameters in network: 16.5k

---Training results--

Delta 0.0002.
Feature AGE5064, mu_star 0.0056898, sensitivity 0.00048373
Feature VaccinationFull, mu_star 0.0044458, sensitivity 0.0008241

Delta 0.0004.
Feature AGE5064, mu_star 0.0049512, sensitivity 0.00042094
Feature VaccinationFull, mu_star 0.0039959, sensitivity 0.00074072

Delta 0.0006.
Feature AGE5064, mu_star 0.004685, sensitivity 0.00039831
Feature VaccinationFull, mu_star 0.0033811, sensitivity 0.00062675

Delta 0.0008.
Feature AGE5064, mu_star 0.0038872, sensitivity 0.00033048
Feature VaccinationFull, mu_star 0.0029338, sensitivity 0.00054382

Delta 0.001.
Feature AGE5064, mu_star 0.0042346, sensitivity 0.00036001
Feature VaccinationFull, mu_star 0.0026907, sensitivity 0.00049878

Delta 0.002.
Feature AGE5064, mu_star 0.0035684, sensitivity 0.00030337
Feature VaccinationFull, mu_star 0.0018935, sensitivity 0.00035099

Delta 0.004.
Feature AGE5064, mu_star 0.0036335, sensitivity 0.00030891
Feature VaccinationFull, mu_star 0.0015002, sensitivity 0.00027809

Delta 0.006.
Feature AGE5064, mu_star 0.0034304, sensitivity 0.00029164
Feature VaccinationFull, mu_star 0.001269, sensitivity 0.00023523

Delta 0.008.
Feature AGE5064, mu_star 0.0030036, sensitivity 0.00025536
Feature VaccinationFull, mu_star 0.0012084, sensitivity 0.00022401

Delta 0.01.
Feature AGE5064, mu_star 0.0027155, sensitivity 0.00023087
Feature VaccinationFull, mu_star 0.0031256, sensitivity 0.00057938

0.0002
0.0004
0.0006
0.0008
0.001
0.002
0.004
0.006
0.008
0.01
Ended at 2023-03-01 21:27:04.800138. Elapsed time 6:15:22.512237
