cuda
Started at 2023-03-02 21:25:16.205466
(2541878, 14)
Static features ['UNDER5', 'AGE517', 'AGE1829', 'AGE3039', 'AGE4049', 'AGE5064', 'AGE6574', 'AGE75PLUS'].   Choosing feature AGE5064.
There are 3142 unique counties in the dataset.
Train samples 2001454, validation samples 87976, test samples 87976
637 days of training, 15 days of validation data, 15 days of test data.
Scaling static and dynamic input features: ['AGE5064', 'VaccinationFull']
Scaling targets ['Cases']
Number of parameters in network: 16.5k

---Training results--

Delta 0.0001.
Feature AGE5064, mu_star 0.007261, sensitivity 0.00061731
Feature VaccinationFull, mu_star 0.0049426, sensitivity 0.00091619

Delta 0.0002.
Feature AGE5064, mu_star 0.0060205, sensitivity 0.00051184
Feature VaccinationFull, mu_star 0.0049237, sensitivity 0.0009127

Delta 0.0003.
Feature AGE5064, mu_star 0.0061682, sensitivity 0.0005244
Feature VaccinationFull, mu_star 0.003955, sensitivity 0.00073313

Delta 0.0004.
Feature AGE5064, mu_star 0.0051427, sensitivity 0.00043722
Feature VaccinationFull, mu_star 0.0043742, sensitivity 0.00081083

Delta 0.0005.
Feature AGE5064, mu_star 0.0052223, sensitivity 0.00044399
Feature VaccinationFull, mu_star 0.0037564, sensitivity 0.00069632

Delta 0.0006.
Feature AGE5064, mu_star 0.0049391, sensitivity 0.00041991
Feature VaccinationFull, mu_star 0.0036253, sensitivity 0.00067201

Delta 0.0007.
Feature AGE5064, mu_star 0.0043589, sensitivity 0.00037058
Feature VaccinationFull, mu_star 0.0032112, sensitivity 0.00059524

Delta 0.0008.
Feature AGE5064, mu_star 0.004183, sensitivity 0.00035563
Feature VaccinationFull, mu_star 0.0030769, sensitivity 0.00057036

Delta 0.0009.
Feature AGE5064, mu_star 0.0040437, sensitivity 0.00034379
Feature VaccinationFull, mu_star 0.0029034, sensitivity 0.0005382

Delta 0.001.
Feature AGE5064, mu_star 0.0043903, sensitivity 0.00037325
Feature VaccinationFull, mu_star 0.0027848, sensitivity 0.00051622

0.0001
0.0002
0.0003
0.0004
0.0005
0.0006
0.0007
0.0008
0.0009
0.001
Ended at 2023-03-03 03:25:08.411403. Elapsed time 5:59:52.205946
