cuda
(2541878, 11)
Static features ['White', 'Black', 'Asian', 'Hispanic', 'AIAN'].   Choosing feature AIAN.
There are 3142 unique counties in the dataset.
Train samples 2001454, validation samples 87976, test samples 87976
637 days of training, 15 days of validation data, 15 days of test data.
Scaling static and dynamic input features: ['AIAN', 'VaccinationFull']
Scaling targets ['Cases']
Number of parameters in network: 16.5k

----Training started at 2023-04-04 23:28:07.074682----


----Training ended at 2023-04-05 02:01:49.880818, elapsed time 2:33:42.806136
Best model by validation loss saved at /home/xje4cy/MLcommons/race-groups/results/AIAN/checkpoints/best-epoch=0.ckpt
Creating folder ../results/AIAN/figures
Loading best model from /home/xje4cy/MLcommons/race-groups/results/AIAN/checkpoints/best-epoch=0.ckpt

---Training prediction--


Train raw prediction shapes

prediction list of length 1 torch.Size([1916608, 15, 1])
encoder_attention torch.Size([1916608, 15, 4, 13])
decoder_attention torch.Size([1916608, 15, 4, 15])
static_variables torch.Size([1916608, 1, 1])
encoder_variables torch.Size([1916608, 13, 1, 3])
decoder_variables torch.Size([1916608, 15, 1, 1])
decoder_lengths torch.Size([1916608])
encoder_lengths torch.Size([1916608])

---Training results--

Target Cases, MAE 10.489, RMSE 59.924, RMSLE 0.8897, SMAPE 0.68201. NNSE 0.83002.


---Validation results--

Target Cases, MAE 18.811, RMSE 84.153, RMSLE 1.2559, SMAPE 0.80786. NNSE 0.73711.


---Test results--

Target Cases, MAE 31.848, RMSE 202.01, RMSLE 1.3634, SMAPE 0.84418. NNSE 0.66445.

Ended at 2023-04-05 02:25:18.381703. Elapsed time 2:57:11.307052
