cuda
Started at 2023-04-05 15:41:49.616376
(2541878, 11)
Static features ['White', 'Black', 'Asian', 'Hispanic', 'AIAN'].   Choosing feature AIAN.
There are 3142 unique counties in the dataset.
Train samples 2001454, validation samples 87976, test samples 87976
637 days of training, 15 days of validation data, 15 days of test data.
Scaling static and dynamic input features: ['AIAN', 'VaccinationFull']
Scaling targets ['Cases']
Number of parameters in network: 16.5k

---Training results--

Delta -0.01.
Feature AIAN, mu_star -9.2448e-05, sensitivity -7.5769e-06
Feature VaccinationFull, mu_star 0.00016616, sensitivity 3.0801e-05

Delta -0.009.
Feature AIAN, mu_star -7.3131e-05, sensitivity -5.9937e-06
Feature VaccinationFull, mu_star 0.000192, sensitivity 3.559e-05

Delta -0.008.
Feature AIAN, mu_star -9.2474e-05, sensitivity -7.579e-06
Feature VaccinationFull, mu_star 0.0002254, sensitivity 4.1783e-05

Delta -0.007.
Feature AIAN, mu_star -0.00010424, sensitivity -8.5429e-06
Feature VaccinationFull, mu_star 0.00026563, sensitivity 4.9239e-05

Delta -0.006.
Feature AIAN, mu_star -0.00011788, sensitivity -9.6613e-06
Feature VaccinationFull, mu_star -6.475e-05, sensitivity -1.2002e-05

Delta -0.005.
Feature AIAN, mu_star -8.9521e-05, sensitivity -7.3369e-06
Feature VaccinationFull, mu_star -6.2064e-05, sensitivity -1.1505e-05

Delta -0.004.
Feature AIAN, mu_star -9.6613e-05, sensitivity -7.9182e-06
Feature VaccinationFull, mu_star -6.1683e-05, sensitivity -1.1434e-05

Delta -0.003.
Feature AIAN, mu_star -8.4356e-05, sensitivity -6.9137e-06
Feature VaccinationFull, mu_star -6.7694e-05, sensitivity -1.2548e-05

Delta -0.002.
Feature AIAN, mu_star -0.00020353, sensitivity -1.6681e-05
Feature VaccinationFull, mu_star -6.4375e-05, sensitivity -1.1933e-05

Delta -0.001.
Feature AIAN, mu_star -0.00017923, sensitivity -1.4689e-05
Feature VaccinationFull, mu_star -7.0554e-05, sensitivity -1.3078e-05

Delta 0.001.
Feature AIAN, mu_star -0.00013245, sensitivity -1.0855e-05
Feature VaccinationFull, mu_star -7.7469e-05, sensitivity -1.436e-05

Delta 0.002.
Feature AIAN, mu_star -3.8691e-05, sensitivity -3.171e-06
Feature VaccinationFull, mu_star -7.6049e-05, sensitivity -1.4097e-05

Delta 0.003.
Feature AIAN, mu_star -6.1024e-05, sensitivity -5.0014e-06
Feature VaccinationFull, mu_star -7.2084e-05, sensitivity -1.3362e-05

Delta 0.004.
Feature AIAN, mu_star 4.1152e-06, sensitivity 3.3727e-07
Feature VaccinationFull, mu_star -6.866e-05, sensitivity -1.2727e-05

Delta 0.005.
Feature AIAN, mu_star -6.4667e-06, sensitivity -5.3e-07
Feature VaccinationFull, mu_star -6.8631e-05, sensitivity -1.2722e-05

Delta 0.006.
Feature AIAN, mu_star 7.4588e-06, sensitivity 6.1131e-07
Feature VaccinationFull, mu_star -6.3075e-05, sensitivity -1.1692e-05

Delta 0.007.
Feature AIAN, mu_star 7.6579e-07, sensitivity 6.2762e-08
Feature VaccinationFull, mu_star -5.6976e-05, sensitivity -1.0562e-05

Delta 0.008.
Feature AIAN, mu_star 7.2986e-07, sensitivity 5.9818e-08
Feature VaccinationFull, mu_star -5.3443e-05, sensitivity -9.9066e-06

Delta 0.009.
Feature AIAN, mu_star -3.5256e-05, sensitivity -2.8895e-06
Feature VaccinationFull, mu_star -0.0002938, sensitivity -5.446e-05

Delta 0.01.
Feature AIAN, mu_star -4.4026e-05, sensitivity -3.6083e-06
Feature VaccinationFull, mu_star -0.00026979, sensitivity -5.001e-05

-0.01
-0.009
-0.008
-0.007
-0.006
-0.005
-0.004
-0.003
-0.002
-0.001
0.001
0.002
0.003
0.004
0.005
0.006
0.007
0.008
0.009
0.01
Ended at 2023-04-06 07:37:08.287114. Elapsed time 15:55:18.670749
