cuda
(2541878, 11)
Static features ['White', 'Black', 'Asian', 'Hispanic', 'AIAN'].   Choosing feature Asian.
There are 3142 unique counties in the dataset.
Train samples 2001454, validation samples 87976, test samples 87976
637 days of training, 15 days of validation data, 15 days of test data.
Scaling static and dynamic input features: ['Asian', 'VaccinationFull']
Scaling targets ['Cases']
Number of parameters in network: 16.5k

----Training started at 2023-04-04 23:24:13.679015----


----Training ended at 2023-04-05 02:30:34.872238, elapsed time 3:06:21.193223
Best model by validation loss saved at /home/xje4cy/MLcommons/race-groups/results/Asian/checkpoints/best-epoch=0.ckpt
Creating folder ../results/Asian/figures
Loading best model from /home/xje4cy/MLcommons/race-groups/results/Asian/checkpoints/best-epoch=0.ckpt

---Training prediction--


Train raw prediction shapes

prediction list of length 1 torch.Size([1916608, 15, 1])
encoder_attention torch.Size([1916608, 15, 4, 13])
decoder_attention torch.Size([1916608, 15, 4, 15])
static_variables torch.Size([1916608, 1, 1])
encoder_variables torch.Size([1916608, 13, 1, 3])
decoder_variables torch.Size([1916608, 15, 1, 1])
decoder_lengths torch.Size([1916608])
encoder_lengths torch.Size([1916608])

---Training results--

Target Cases, MAE 10.406, RMSE 59.563, RMSLE 0.8752, SMAPE 0.67321. NNSE 0.83172.


---Validation results--

Target Cases, MAE 18.769, RMSE 80.79, RMSLE 1.2477, SMAPE 0.82627. NNSE 0.75261.


---Test results--

Target Cases, MAE 31.429, RMSE 200.72, RMSLE 1.3467, SMAPE 0.84796. NNSE 0.66731.

Ended at 2023-04-05 02:58:12.562352. Elapsed time 3:33:58.883363
