cuda
(2541878, 11)
Static features ['White', 'Black', 'Asian', 'Hispanic', 'AIAN'].   Choosing feature White.
There are 3142 unique counties in the dataset.
Train samples 2001454, validation samples 87976, test samples 87976
637 days of training, 15 days of validation data, 15 days of test data.
Scaling static and dynamic input features: ['White', 'VaccinationFull']
Scaling targets ['Cases']
Number of parameters in network: 16.5k

----Training started at 2023-04-04 23:17:20.347437----


----Training ended at 2023-04-05 02:35:03.753667, elapsed time 3:17:43.406230
Best model by validation loss saved at /home/xje4cy/MLcommons/race-groups/results/White/checkpoints/best-epoch=0.ckpt
Creating folder ../results/White/figures
Loading best model from /home/xje4cy/MLcommons/race-groups/results/White/checkpoints/best-epoch=0.ckpt

---Training prediction--


Train raw prediction shapes

prediction list of length 1 torch.Size([1916608, 15, 1])
encoder_attention torch.Size([1916608, 15, 4, 13])
decoder_attention torch.Size([1916608, 15, 4, 15])
static_variables torch.Size([1916608, 1, 1])
encoder_variables torch.Size([1916608, 13, 1, 3])
decoder_variables torch.Size([1916608, 15, 1, 1])
decoder_lengths torch.Size([1916608])
encoder_lengths torch.Size([1916608])

---Training results--

Target Cases, MAE 10.612, RMSE 58.207, RMSLE 0.90911, SMAPE 0.6978. NNSE 0.83807.


---Validation results--

Target Cases, MAE 18.601, RMSE 83.007, RMSLE 1.2561, SMAPE 0.81993. NNSE 0.74239.


---Test results--

Target Cases, MAE 32.218, RMSE 196.53, RMSLE 1.3599, SMAPE 0.85038. NNSE 0.6766.

Ended at 2023-04-05 03:04:45.494643. Elapsed time 3:47:25.147250
