cuda
Started at 2023-03-13 22:39:00.859703
(2541878, 14)
Static features ['UNDER5', 'AGE517', 'AGE1829', 'AGE3039', 'AGE4049', 'AGE5064', 'AGE6574', 'AGE75PLUS'].   Choosing feature UNDER5.
There are 3142 unique counties in the dataset.
Train samples 2001454, validation samples 87976, test samples 87976
637 days of training, 15 days of validation data, 15 days of test data.
Scaling static and dynamic input features: ['UNDER5', 'VaccinationFull']
Scaling targets ['Cases']
Number of parameters in network: 16.5k

---Training results--

Delta -0.01.
Feature UNDER5, mu_star -2.1325e-05, sensitivity -1.8034e-06
Feature VaccinationFull, mu_star -0.00020718, sensitivity -3.8405e-05

Delta -0.009.
Feature UNDER5, mu_star -3.1367e-05, sensitivity -2.6527e-06
Feature VaccinationFull, mu_star -0.00024411, sensitivity -4.525e-05

Delta -0.008.
Feature UNDER5, mu_star -2.8498e-05, sensitivity -2.41e-06
Feature VaccinationFull, mu_star -0.00030279, sensitivity -5.6127e-05

Delta -0.007.
Feature UNDER5, mu_star -3.0965e-05, sensitivity -2.6186e-06
Feature VaccinationFull, mu_star -0.00037013, sensitivity -6.861e-05

Delta -0.006.
Feature UNDER5, mu_star -2.6291e-05, sensitivity -2.2234e-06
Feature VaccinationFull, mu_star 0.00016606, sensitivity 3.0782e-05

Delta -0.005.
Feature UNDER5, mu_star -1.9719e-05, sensitivity -1.6676e-06
Feature VaccinationFull, mu_star 0.00016721, sensitivity 3.0995e-05

Delta -0.004.
Feature UNDER5, mu_star -2.3387e-05, sensitivity -1.9778e-06
Feature VaccinationFull, mu_star 0.00017019, sensitivity 3.1549e-05

Delta -0.003.
Feature UNDER5, mu_star -1.5716e-05, sensitivity -1.3291e-06
Feature VaccinationFull, mu_star 0.00017604, sensitivity 3.2633e-05

Delta -0.002.
Feature UNDER5, mu_star 6.3442e-06, sensitivity 5.3652e-07
Feature VaccinationFull, mu_star 0.00016753, sensitivity 3.1055e-05

Delta -0.001.
Feature UNDER5, mu_star -1.0578e-05, sensitivity -8.9453e-07
Feature VaccinationFull, mu_star 0.00018017, sensitivity 3.3398e-05

Delta 0.001.
Feature UNDER5, mu_star -9.4857e-05, sensitivity -8.0219e-06
Feature VaccinationFull, mu_star 0.00019583, sensitivity 3.63e-05

Delta 0.002.
Feature UNDER5, mu_star -4.7002e-05, sensitivity -3.9748e-06
Feature VaccinationFull, mu_star 0.00016882, sensitivity 3.1293e-05

Delta 0.003.
Feature UNDER5, mu_star -5.523e-05, sensitivity -4.6707e-06
Feature VaccinationFull, mu_star 0.00018014, sensitivity 3.3393e-05

Delta 0.004.
Feature UNDER5, mu_star -5.9391e-05, sensitivity -5.0226e-06
Feature VaccinationFull, mu_star 0.00017762, sensitivity 3.2925e-05

Delta 0.005.
Feature UNDER5, mu_star -4.4719e-05, sensitivity -3.7818e-06
Feature VaccinationFull, mu_star 0.00016857, sensitivity 3.1248e-05

Delta 0.006.
Feature UNDER5, mu_star -4.9332e-05, sensitivity -4.1719e-06
Feature VaccinationFull, mu_star 0.00017232, sensitivity 3.1942e-05

Delta 0.007.
Feature UNDER5, mu_star -3.4557e-05, sensitivity -2.9224e-06
Feature VaccinationFull, mu_star 0.00017272, sensitivity 3.2017e-05

Delta 0.008.
Feature UNDER5, mu_star -3.1747e-05, sensitivity -2.6848e-06
Feature VaccinationFull, mu_star 0.00018043, sensitivity 3.3447e-05

Delta 0.009.
Feature UNDER5, mu_star -3.4871e-05, sensitivity -2.949e-06
Feature VaccinationFull, mu_star 0.00038612, sensitivity 7.1573e-05

Delta 0.01.
Feature UNDER5, mu_star -2.9262e-05, sensitivity -2.4746e-06
Feature VaccinationFull, mu_star 0.00036333, sensitivity 6.735e-05

-0.01
-0.009
-0.008
-0.007
-0.006
-0.005
-0.004
-0.003
-0.002
-0.001
0.001
0.002
0.003
0.004
0.005
0.006
0.007
0.008
0.009
0.01
Ended at 2023-03-14 17:15:51.759852. Elapsed time 18:36:50.900161
