cuda
Started at 2023-03-01 15:13:54.604234
(2541878, 14)
Static features ['UNDER5', 'AGE517', 'AGE1829', 'AGE3039', 'AGE4049', 'AGE5064', 'AGE6574', 'AGE75PLUS'].   Choosing feature AGE6574.
There are 3142 unique counties in the dataset.
Train samples 2001454, validation samples 87976, test samples 87976
637 days of training, 15 days of validation data, 15 days of test data.
Scaling static and dynamic input features: ['AGE6574', 'VaccinationFull']
Scaling targets ['Cases']
Number of parameters in network: 16.5k

---Training results--

Delta 0.0002.
Feature AGE6574, mu_star 0.0067734, sensitivity 0.00058667
Feature VaccinationFull, mu_star 0.0024837, sensitivity 0.00046039

Delta 0.0004.
Feature AGE6574, mu_star 0.0057931, sensitivity 0.00050176
Feature VaccinationFull, mu_star 0.0025452, sensitivity 0.0004718

Delta 0.0006.
Feature AGE6574, mu_star 0.0059278, sensitivity 0.00051343
Feature VaccinationFull, mu_star 0.0023361, sensitivity 0.00043304

Delta 0.0008.
Feature AGE6574, mu_star 0.005368, sensitivity 0.00046494
Feature VaccinationFull, mu_star 0.0021134, sensitivity 0.00039175

Delta 0.001.
Feature AGE6574, mu_star 0.0056412, sensitivity 0.00048861
Feature VaccinationFull, mu_star 0.0020021, sensitivity 0.00037113

Delta 0.002.
Feature AGE6574, mu_star 0.0049719, sensitivity 0.00043063
Feature VaccinationFull, mu_star 0.0014723, sensitivity 0.00027292

Delta 0.004.
Feature AGE6574, mu_star 0.0047448, sensitivity 0.00041096
Feature VaccinationFull, mu_star 0.0012126, sensitivity 0.00022478

Delta 0.006.
Feature AGE6574, mu_star 0.0044646, sensitivity 0.0003867
Feature VaccinationFull, mu_star 0.0010142, sensitivity 0.000188

Delta 0.008.
Feature AGE6574, mu_star 0.0037423, sensitivity 0.00032413
Feature VaccinationFull, mu_star 0.00095115, sensitivity 0.00017631

Delta 0.01.
Feature AGE6574, mu_star 0.003343, sensitivity 0.00028955
Feature VaccinationFull, mu_star 0.0028907, sensitivity 0.00053584

0.0002
0.0004
0.0006
0.0008
0.001
0.002
0.004
0.006
0.008
0.01
Ended at 2023-03-01 21:29:26.313009. Elapsed time 6:15:31.708784
