cuda
Started at 2023-03-02 21:26:16.992810
(2541878, 14)
Static features ['UNDER5', 'AGE517', 'AGE1829', 'AGE3039', 'AGE4049', 'AGE5064', 'AGE6574', 'AGE75PLUS'].   Choosing feature AGE6574.
There are 3142 unique counties in the dataset.
Train samples 2001454, validation samples 87976, test samples 87976
637 days of training, 15 days of validation data, 15 days of test data.
Scaling static and dynamic input features: ['AGE6574', 'VaccinationFull']
Scaling targets ['Cases']
Number of parameters in network: 16.5k

---Training results--

Delta 0.0001.
Feature AGE6574, mu_star 0.0056994, sensitivity 0.00049365
Feature VaccinationFull, mu_star 0.0029853, sensitivity 0.00055337

Delta 0.0002.
Feature AGE6574, mu_star 0.0067988, sensitivity 0.00058887
Feature VaccinationFull, mu_star 0.0020594, sensitivity 0.00038175

Delta 0.0003.
Feature AGE6574, mu_star 0.0055956, sensitivity 0.00048466
Feature VaccinationFull, mu_star 0.0017589, sensitivity 0.00032604

Delta 0.0004.
Feature AGE6574, mu_star 0.0057302, sensitivity 0.00049631
Feature VaccinationFull, mu_star 0.0024303, sensitivity 0.0004505

Delta 0.0005.
Feature AGE6574, mu_star 0.0060924, sensitivity 0.00052768
Feature VaccinationFull, mu_star 0.0021272, sensitivity 0.00039432

Delta 0.0006.
Feature AGE6574, mu_star 0.0059807, sensitivity 0.00051801
Feature VaccinationFull, mu_star 0.0023479, sensitivity 0.00043522

Delta 0.0007.
Feature AGE6574, mu_star 0.005384, sensitivity 0.00046633
Feature VaccinationFull, mu_star 0.0021678, sensitivity 0.00040184

Delta 0.0008.
Feature AGE6574, mu_star 0.00543, sensitivity 0.00047031
Feature VaccinationFull, mu_star 0.0020413, sensitivity 0.00037839

Delta 0.0009.
Feature AGE6574, mu_star 0.0053954, sensitivity 0.00046732
Feature VaccinationFull, mu_star 0.0020276, sensitivity 0.00037585

Delta 0.001.
Feature AGE6574, mu_star 0.0056018, sensitivity 0.00048519
Feature VaccinationFull, mu_star 0.0019401, sensitivity 0.00035963

0.0001
0.0002
0.0003
0.0004
0.0005
0.0006
0.0007
0.0008
0.0009
0.001
Ended at 2023-03-03 03:26:43.563365. Elapsed time 6:00:26.570566
