cuda
Started at 2023-03-02 12:59:19.037014
(2541878, 14)
Static features ['UNDER5', 'AGE517', 'AGE1829', 'AGE3039', 'AGE4049', 'AGE5064', 'AGE6574', 'AGE75PLUS'].   Choosing feature AGE1829.
There are 3142 unique counties in the dataset.
Train samples 2001454, validation samples 87976, test samples 87976
637 days of training, 15 days of validation data, 15 days of test data.
Scaling static and dynamic input features: ['AGE1829', 'VaccinationFull']
Scaling targets ['Cases']
Number of parameters in network: 16.5k

---Training results--

Delta 2e-06.
Feature AGE1829, mu_star 1.5248e-05, sensitivity 1.1991e-06
Feature VaccinationFull, mu_star 0.068718, sensitivity 0.012738

Delta 4e-06.
Feature AGE1829, mu_star 1.1912e-05, sensitivity 9.368e-07
Feature VaccinationFull, mu_star 0.034739, sensitivity 0.0064395

Delta 6e-06.
Feature AGE1829, mu_star 1.2389e-05, sensitivity 9.7427e-07
Feature VaccinationFull, mu_star 0.023325, sensitivity 0.0043236

Delta 8e-06.
Feature AGE1829, mu_star 0.0022669, sensitivity 0.00017827
Feature VaccinationFull, mu_star 0.017638, sensitivity 0.0032695

Delta 1e-05.
Feature AGE1829, mu_star 0.0036737, sensitivity 0.00028891
Feature VaccinationFull, mu_star 0.014211, sensitivity 0.0026343

Delta 2e-05.
Feature AGE1829, mu_star 0.0053813, sensitivity 0.0004232
Feature VaccinationFull, mu_star 0.013511, sensitivity 0.0025045

Delta 4e-05.
Feature AGE1829, mu_star 0.0076316, sensitivity 0.00060016
Feature VaccinationFull, mu_star 0.0070306, sensitivity 0.0013032

Delta 6e-05.
Feature AGE1829, mu_star 0.0065048, sensitivity 0.00051155
Feature VaccinationFull, mu_star 0.0071889, sensitivity 0.0013326

Delta 8e-05.
Feature AGE1829, mu_star 0.0069836, sensitivity 0.0005492
Feature VaccinationFull, mu_star 0.0055288, sensitivity 0.0010249

Delta 0.0001.
Feature AGE1829, mu_star 0.0059538, sensitivity 0.00046822
Feature VaccinationFull, mu_star 0.0045327, sensitivity 0.00084022

2e-06
4e-06
6e-06
8e-06
1e-05
2e-05
4e-05
6e-05
8e-05
0.0001
Ended at 2023-03-02 19:00:08.898529. Elapsed time 6:00:49.861525
