cuda
Started at 2023-03-02 21:21:27.455090
(2541878, 14)
Static features ['UNDER5', 'AGE517', 'AGE1829', 'AGE3039', 'AGE4049', 'AGE5064', 'AGE6574', 'AGE75PLUS'].   Choosing feature AGE1829.
There are 3142 unique counties in the dataset.
Train samples 2001454, validation samples 87976, test samples 87976
637 days of training, 15 days of validation data, 15 days of test data.
Scaling static and dynamic input features: ['AGE1829', 'VaccinationFull']
Scaling targets ['Cases']
Number of parameters in network: 16.5k

---Training results--

Delta 0.0001.
Feature AGE1829, mu_star 0.0059538, sensitivity 0.00046822
Feature VaccinationFull, mu_star 0.0045327, sensitivity 0.00084022

Delta 0.0002.
Feature AGE1829, mu_star 0.0079476, sensitivity 0.00062501
Feature VaccinationFull, mu_star 0.0043119, sensitivity 0.00079929

Delta 0.0003.
Feature AGE1829, mu_star 0.009116, sensitivity 0.0007169
Feature VaccinationFull, mu_star 0.0031801, sensitivity 0.00058949

Delta 0.0004.
Feature AGE1829, mu_star 0.0078396, sensitivity 0.00061652
Feature VaccinationFull, mu_star 0.0031621, sensitivity 0.00058616

Delta 0.0005.
Feature AGE1829, mu_star 0.0074821, sensitivity 0.00058841
Feature VaccinationFull, mu_star 0.002834, sensitivity 0.00052533

Delta 0.0006.
Feature AGE1829, mu_star 0.0077846, sensitivity 0.0006122
Feature VaccinationFull, mu_star 0.0029568, sensitivity 0.00054809

Delta 0.0007.
Feature AGE1829, mu_star 0.007512, sensitivity 0.00059076
Feature VaccinationFull, mu_star 0.0028641, sensitivity 0.00053091

Delta 0.0008.
Feature AGE1829, mu_star 0.0077597, sensitivity 0.00061023
Feature VaccinationFull, mu_star 0.0028515, sensitivity 0.00052857

Delta 0.0009.
Feature AGE1829, mu_star 0.0074281, sensitivity 0.00058416
Feature VaccinationFull, mu_star 0.0027038, sensitivity 0.0005012

Delta 0.001.
Feature AGE1829, mu_star 0.0074658, sensitivity 0.00058712
Feature VaccinationFull, mu_star 0.0026063, sensitivity 0.00048312

0.0001
0.0002
0.0003
0.0004
0.0005
0.0006
0.0007
0.0008
0.0009
0.001
Ended at 2023-03-03 03:24:35.030918. Elapsed time 6:03:07.575837
