cuda
Started at 2023-03-01 15:07:44.937317
(2541878, 14)
Static features ['UNDER5', 'AGE517', 'AGE1829', 'AGE3039', 'AGE4049', 'AGE5064', 'AGE6574', 'AGE75PLUS'].   Choosing feature AGE1829.
There are 3142 unique counties in the dataset.
Train samples 2001454, validation samples 87976, test samples 87976
637 days of training, 15 days of validation data, 15 days of test data.
Scaling static and dynamic input features: ['AGE1829', 'VaccinationFull']
Scaling targets ['Cases']
Number of parameters in network: 16.5k

---Training results--

Delta 0.0002.
Feature AGE1829, mu_star 0.0076266, sensitivity 0.00059977
Feature VaccinationFull, mu_star 0.0049822, sensitivity 0.00092353

Delta 0.0004.
Feature AGE1829, mu_star 0.0068612, sensitivity 0.00053957
Feature VaccinationFull, mu_star 0.0036109, sensitivity 0.00066935

Delta 0.0006.
Feature AGE1829, mu_star 0.0070313, sensitivity 0.00055295
Feature VaccinationFull, mu_star 0.0033555, sensitivity 0.000622

Delta 0.0008.
Feature AGE1829, mu_star 0.0071696, sensitivity 0.00056383
Feature VaccinationFull, mu_star 0.003044, sensitivity 0.00056426

Delta 0.001.
Feature AGE1829, mu_star 0.0071318, sensitivity 0.00056086
Feature VaccinationFull, mu_star 0.0027446, sensitivity 0.00050876

Delta 0.002.
Feature AGE1829, mu_star 0.0060995, sensitivity 0.00047967
Feature VaccinationFull, mu_star 0.0019667, sensitivity 0.00036457

Delta 0.004.
Feature AGE1829, mu_star 0.0049609, sensitivity 0.00039013
Feature VaccinationFull, mu_star 0.0016122, sensitivity 0.00029884

Delta 0.006.
Feature AGE1829, mu_star 0.0042236, sensitivity 0.00033215
Feature VaccinationFull, mu_star 0.0013752, sensitivity 0.00025492

Delta 0.008.
Feature AGE1829, mu_star 0.00365, sensitivity 0.00028704
Feature VaccinationFull, mu_star 0.0013104, sensitivity 0.00024291

Delta 0.01.
Feature AGE1829, mu_star 0.0031312, sensitivity 0.00024624
Feature VaccinationFull, mu_star 0.0031634, sensitivity 0.00058639

0.0002
0.0004
0.0006
0.0008
0.001
0.002
0.004
0.006
0.008
0.01
Ended at 2023-03-01 21:21:47.265308. Elapsed time 6:14:02.328001
