cuda
Started at 2023-03-03 20:52:42.276725
(2541878, 14)
Static features ['UNDER5', 'AGE517', 'AGE1829', 'AGE3039', 'AGE4049', 'AGE5064', 'AGE6574', 'AGE75PLUS'].   Choosing feature AGE3039.
There are 3142 unique counties in the dataset.
Train samples 2001454, validation samples 87976, test samples 87976
637 days of training, 15 days of validation data, 15 days of test data.
Scaling static and dynamic input features: ['AGE3039', 'VaccinationFull']
Scaling targets ['Cases']
Number of parameters in network: 16.5k

---Training results--

Delta 2e-06.
Feature AGE3039, mu_star -2.1442e-05, sensitivity -1.8455e-06
Feature VaccinationFull, mu_star -0.00077477, sensitivity -0.00014362

Delta 4e-06.
Feature AGE3039, mu_star -1.8107e-05, sensitivity -1.5584e-06
Feature VaccinationFull, mu_star -0.00033045, sensitivity -6.1254e-05

Delta 6e-06.
Feature AGE3039, mu_star -1.2548e-05, sensitivity -1.0799e-06
Feature VaccinationFull, mu_star -0.00019631, sensitivity -3.639e-05

Delta 8e-06.
Feature AGE3039, mu_star -1.489e-05, sensitivity -1.2816e-06
Feature VaccinationFull, mu_star -0.00013199, sensitivity -2.4466e-05

Delta 1e-05.
Feature AGE3039, mu_star -1.439e-05, sensitivity -1.2385e-06
Feature VaccinationFull, mu_star -9.4965e-05, sensitivity -1.7603e-05

Delta 2e-05.
Feature AGE3039, mu_star -8.1766e-05, sensitivity -7.0374e-06
Feature VaccinationFull, mu_star -3.2973e-05, sensitivity -6.1121e-06

Delta 4e-05.
Feature AGE3039, mu_star -4.7196e-05, sensitivity -4.0621e-06
Feature VaccinationFull, mu_star 2.2586e-05, sensitivity 4.1866e-06

Delta 6e-05.
Feature AGE3039, mu_star -8.8993e-05, sensitivity -7.6594e-06
Feature VaccinationFull, mu_star 4.1526e-05, sensitivity 7.6976e-06

Delta 8e-05.
Feature AGE3039, mu_star -9.643e-06, sensitivity -8.2995e-07
Feature VaccinationFull, mu_star 4.9305e-05, sensitivity 9.1395e-06

Delta 0.0001.
Feature AGE3039, mu_star -1.0164e-05, sensitivity -8.7476e-07
Feature VaccinationFull, mu_star 5.4296e-05, sensitivity 1.0065e-05

Delta 0.0002.
Feature AGE3039, mu_star 2.0808e-05, sensitivity 1.7909e-06
Feature VaccinationFull, mu_star 7.0649e-05, sensitivity 1.3096e-05

Delta 0.0004.
Feature AGE3039, mu_star 8.8866e-06, sensitivity 7.6485e-07
Feature VaccinationFull, mu_star 7.8268e-05, sensitivity 1.4508e-05

Delta 0.0006.
Feature AGE3039, mu_star -6.9949e-06, sensitivity -6.0204e-07
Feature VaccinationFull, mu_star 9.1842e-05, sensitivity 1.7024e-05

Delta 0.0008.
Feature AGE3039, mu_star 1.365e-05, sensitivity 1.1748e-06
Feature VaccinationFull, mu_star 8.483e-05, sensitivity 1.5725e-05

Delta 0.001.
Feature AGE3039, mu_star 8.5616e-06, sensitivity 7.3688e-07
Feature VaccinationFull, mu_star 8.7553e-05, sensitivity 1.623e-05

Delta 0.002.
Feature AGE3039, mu_star -4.4685e-06, sensitivity -3.846e-07
Feature VaccinationFull, mu_star 8.9066e-05, sensitivity 1.651e-05

Delta 0.004.
Feature AGE3039, mu_star 4.6696e-07, sensitivity 4.019e-08
Feature VaccinationFull, mu_star 8.6836e-05, sensitivity 1.6097e-05

Delta 0.006.
Feature AGE3039, mu_star 2.7763e-06, sensitivity 2.3895e-07
Feature VaccinationFull, mu_star 8.6436e-05, sensitivity 1.6022e-05

Delta 0.008.
Feature AGE3039, mu_star 6.3625e-06, sensitivity 5.4761e-07
Feature VaccinationFull, mu_star 8.9244e-05, sensitivity 1.6543e-05

Delta 0.01.
Feature AGE3039, mu_star 7.6505e-07, sensitivity 6.5847e-08
Feature VaccinationFull, mu_star -0.00011652, sensitivity -2.1599e-05

2e-06
4e-06
6e-06
8e-06
1e-05
2e-05
4e-05
6e-05
8e-05
0.0001
0.0002
0.0004
0.0006
0.0008
0.001
0.002
0.004
0.006
0.008
0.01
Ended at 2023-03-04 07:50:07.053832. Elapsed time 10:57:24.777118
