cuda
Started at 2023-03-03 20:54:27.076460
(2541878, 14)
Static features ['UNDER5', 'AGE517', 'AGE1829', 'AGE3039', 'AGE4049', 'AGE5064', 'AGE6574', 'AGE75PLUS'].   Choosing feature AGE4049.
There are 3142 unique counties in the dataset.
Train samples 2001454, validation samples 87976, test samples 87976
637 days of training, 15 days of validation data, 15 days of test data.
Scaling static and dynamic input features: ['AGE4049', 'VaccinationFull']
Scaling targets ['Cases']
Number of parameters in network: 16.5k

---Training results--

Delta 2e-06.
Feature AGE4049, mu_star -4.9555e-05, sensitivity -3.0734e-06
Feature VaccinationFull, mu_star 0.0016382, sensitivity 0.00030366

Delta 4e-06.
Feature AGE4049, mu_star -4.0025e-05, sensitivity -2.4824e-06
Feature VaccinationFull, mu_star 0.00041586, sensitivity 7.7086e-05

Delta 6e-06.
Feature AGE4049, mu_star -3.8119e-05, sensitivity -2.3642e-06
Feature VaccinationFull, mu_star -2.1045e-05, sensitivity -3.9011e-06

Delta 8e-06.
Feature AGE4049, mu_star -3.8715e-05, sensitivity -2.4011e-06
Feature VaccinationFull, mu_star -0.00021853, sensitivity -4.0508e-05

Delta 1e-05.
Feature AGE4049, mu_star -3.7547e-05, sensitivity -2.3287e-06
Feature VaccinationFull, mu_star -0.00035046, sensitivity -6.4964e-05

Delta 2e-05.
Feature AGE4049, mu_star 1.8059e-05, sensitivity 1.12e-06
Feature VaccinationFull, mu_star -0.0006658, sensitivity -0.00012342

Delta 4e-05.
Feature AGE4049, mu_star 8.746e-05, sensitivity 5.4243e-06
Feature VaccinationFull, mu_star -0.00075402, sensitivity -0.00013977

Delta 6e-05.
Feature AGE4049, mu_star 1.1579e-05, sensitivity 7.1812e-07
Feature VaccinationFull, mu_star -0.00078842, sensitivity -0.00014615

Delta 8e-05.
Feature AGE4049, mu_star -3.2384e-05, sensitivity -2.0084e-06
Feature VaccinationFull, mu_star -0.00080091, sensitivity -0.00014846

Delta 0.0001.
Feature AGE4049, mu_star 2.5873e-06, sensitivity 1.6047e-07
Feature VaccinationFull, mu_star -0.00081102, sensitivity -0.00015034

Delta 0.0002.
Feature AGE4049, mu_star -7.7806e-05, sensitivity -4.8256e-06
Feature VaccinationFull, mu_star -0.00080183, sensitivity -0.00014863

Delta 0.0004.
Feature AGE4049, mu_star -1.6646e-05, sensitivity -1.0324e-06
Feature VaccinationFull, mu_star -0.00077673, sensitivity -0.00014398

Delta 0.0006.
Feature AGE4049, mu_star -7.8843e-06, sensitivity -4.8899e-07
Feature VaccinationFull, mu_star -0.00078887, sensitivity -0.00014623

Delta 0.0008.
Feature AGE4049, mu_star 9.8169e-06, sensitivity 6.0885e-07
Feature VaccinationFull, mu_star -0.00078937, sensitivity -0.00014632

Delta 0.001.
Feature AGE4049, mu_star 7.2865e-06, sensitivity 4.5191e-07
Feature VaccinationFull, mu_star -0.00078408, sensitivity -0.00014534

Delta 0.002.
Feature AGE4049, mu_star -9.0409e-06, sensitivity -5.6072e-07
Feature VaccinationFull, mu_star -0.00075909, sensitivity -0.00014071

Delta 0.004.
Feature AGE4049, mu_star -1.8462e-05, sensitivity -1.145e-06
Feature VaccinationFull, mu_star -0.00071197, sensitivity -0.00013198

Delta 0.006.
Feature AGE4049, mu_star -2.3128e-05, sensitivity -1.4344e-06
Feature VaccinationFull, mu_star -0.00066158, sensitivity -0.00012263

Delta 0.008.
Feature AGE4049, mu_star -1.7073e-05, sensitivity -1.0589e-06
Feature VaccinationFull, mu_star -0.00060834, sensitivity -0.00011277

Delta 0.01.
Feature AGE4049, mu_star 4.3632e-06, sensitivity 2.7061e-07
Feature VaccinationFull, mu_star -0.00028074, sensitivity -5.204e-05

2e-06
4e-06
6e-06
8e-06
1e-05
2e-05
4e-05
6e-05
8e-05
0.0001
0.0002
0.0004
0.0006
0.0008
0.001
0.002
0.004
0.006
0.008
0.01
Ended at 2023-03-04 08:01:34.938058. Elapsed time 11:07:07.861607
