cuda
Started at 2023-03-01 14:29:36.071941
(2541878, 14)
Static features ['UNDER5', 'AGE517', 'AGE1829', 'AGE3039', 'AGE4049', 'AGE5064', 'AGE6574', 'AGE75PLUS'].   Choosing feature AGE4049.
There are 3142 unique counties in the dataset.
Train samples 2001454, validation samples 87976, test samples 87976
637 days of training, 15 days of validation data, 15 days of test data.
Scaling static and dynamic input features: ['AGE4049', 'VaccinationFull']
Scaling targets ['Cases']
Number of parameters in network: 16.5k

---Training results--

Delta -0.001.
Feature AGE4049, mu_star 7.2718e-05, sensitivity 4.51e-06
Feature VaccinationFull, mu_star -0.00090606, sensitivity -0.00016795

Delta -0.0008.
Feature AGE4049, mu_star 4.2077e-05, sensitivity 2.6096e-06
Feature VaccinationFull, mu_star -0.00089711, sensitivity -0.00016629

Delta -0.0006.
Feature AGE4049, mu_star 5.9237e-05, sensitivity 3.6739e-06
Feature VaccinationFull, mu_star -0.00088748, sensitivity -0.00016451

Delta -0.0004.
Feature AGE4049, mu_star 5.7523e-05, sensitivity 3.5676e-06
Feature VaccinationFull, mu_star -0.00089896, sensitivity -0.00016664

Delta -0.0002.
Feature AGE4049, mu_star 0.00011206, sensitivity 6.9501e-06
Feature VaccinationFull, mu_star -0.00090355, sensitivity -0.00016749

Delta 0.0002.
Feature AGE4049, mu_star 3.8779e-05, sensitivity 2.4051e-06
Feature VaccinationFull, mu_star -0.00081858, sensitivity -0.00015174

Delta 0.0004.
Feature AGE4049, mu_star 2.7952e-05, sensitivity 1.7336e-06
Feature VaccinationFull, mu_star -0.0007928, sensitivity -0.00014696

Delta 0.0006.
Feature AGE4049, mu_star 2.9072e-05, sensitivity 1.8031e-06
Feature VaccinationFull, mu_star -0.00078156, sensitivity -0.00014488

Delta 0.0008.
Feature AGE4049, mu_star -7.363e-06, sensitivity -4.5666e-07
Feature VaccinationFull, mu_star -0.00078403, sensitivity -0.00014533

Delta 0.001.
Feature AGE4049, mu_star -3.0524e-05, sensitivity -1.8931e-06
Feature VaccinationFull, mu_star -0.00078307, sensitivity -0.00014516

-0.001
-0.0008
-0.0006
-0.0004
-0.0002
0.0002
0.0004
0.0006
0.0008
0.001
Ended at 2023-03-01 20:47:27.333979. Elapsed time 6:17:51.262048
