cuda
Started at 2023-03-03 20:55:51.312608
(2541878, 14)
Static features ['UNDER5', 'AGE517', 'AGE1829', 'AGE3039', 'AGE4049', 'AGE5064', 'AGE6574', 'AGE75PLUS'].   Choosing feature AGE5064.
There are 3142 unique counties in the dataset.
Train samples 2001454, validation samples 87976, test samples 87976
637 days of training, 15 days of validation data, 15 days of test data.
Scaling static and dynamic input features: ['AGE5064', 'VaccinationFull']
Scaling targets ['Cases']
Number of parameters in network: 16.5k

---Training results--

Delta 2e-06.
Feature AGE5064, mu_star -9.5298e-07, sensitivity -8.102e-08
Feature VaccinationFull, mu_star -0.0011441, sensitivity -0.00021207

Delta 4e-06.
Feature AGE5064, mu_star 9.5298e-07, sensitivity 8.102e-08
Feature VaccinationFull, mu_star -0.0007089, sensitivity -0.00013141

Delta 6e-06.
Feature AGE5064, mu_star 1.906e-06, sensitivity 1.6204e-07
Feature VaccinationFull, mu_star -0.0005536, sensitivity -0.00010262

Delta 8e-06.
Feature AGE5064, mu_star 1.4295e-06, sensitivity 1.2153e-07
Feature VaccinationFull, mu_star -0.00047131, sensitivity -8.7365e-05

Delta 1e-05.
Feature AGE5064, mu_star 1.5248e-06, sensitivity 1.2963e-07
Feature VaccinationFull, mu_star -0.00042937, sensitivity -7.959e-05

Delta 2e-05.
Feature AGE5064, mu_star -0.00074042, sensitivity -6.2948e-05
Feature VaccinationFull, mu_star -0.0004267, sensitivity -7.9096e-05

Delta 4e-05.
Feature AGE5064, mu_star -0.00033401, sensitivity -2.8396e-05
Feature VaccinationFull, mu_star -0.00034038, sensitivity -6.3096e-05

Delta 6e-05.
Feature AGE5064, mu_star -0.00014814, sensitivity -1.2595e-05
Feature VaccinationFull, mu_star -0.000339, sensitivity -6.2839e-05

Delta 8e-05.
Feature AGE5064, mu_star -0.00013884, sensitivity -1.1804e-05
Feature VaccinationFull, mu_star -0.00031871, sensitivity -5.9079e-05

Delta 0.0001.
Feature AGE5064, mu_star -0.00015206, sensitivity -1.2928e-05
Feature VaccinationFull, mu_star -0.00033379, sensitivity -6.1874e-05

Delta 0.0002.
Feature AGE5064, mu_star -4.7983e-06, sensitivity -4.0793e-07
Feature VaccinationFull, mu_star -0.00033177, sensitivity -6.1499e-05

Delta 0.0004.
Feature AGE5064, mu_star 5.6107e-07, sensitivity 4.77e-08
Feature VaccinationFull, mu_star -0.00029044, sensitivity -5.3839e-05

Delta 0.0006.
Feature AGE5064, mu_star -7.882e-06, sensitivity -6.701e-07
Feature VaccinationFull, mu_star -0.00025699, sensitivity -4.7638e-05

Delta 0.0008.
Feature AGE5064, mu_star -8.3249e-06, sensitivity -7.0776e-07
Feature VaccinationFull, mu_star -0.00027717, sensitivity -5.1377e-05

Delta 0.001.
Feature AGE5064, mu_star -9.6499e-06, sensitivity -8.2041e-07
Feature VaccinationFull, mu_star -0.0002626, sensitivity -4.8677e-05

Delta 0.002.
Feature AGE5064, mu_star -1.0991e-05, sensitivity -9.3444e-07
Feature VaccinationFull, mu_star -0.00025747, sensitivity -4.7726e-05

Delta 0.004.
Feature AGE5064, mu_star 7.2153e-06, sensitivity 6.1342e-07
Feature VaccinationFull, mu_star -0.00024267, sensitivity -4.4984e-05

Delta 0.006.
Feature AGE5064, mu_star 7.8427e-06, sensitivity 6.6677e-07
Feature VaccinationFull, mu_star -0.00022876, sensitivity -4.2404e-05

Delta 0.008.
Feature AGE5064, mu_star 3.2467e-07, sensitivity 2.7602e-08
Feature VaccinationFull, mu_star -0.00021496, sensitivity -3.9847e-05

Delta 0.01.
Feature AGE5064, mu_star -2.8863e-06, sensitivity -2.4539e-07
Feature VaccinationFull, mu_star -0.00013008, sensitivity -2.4112e-05

2e-06
4e-06
6e-06
8e-06
1e-05
2e-05
4e-05
6e-05
8e-05
0.0001
0.0002
0.0004
0.0006
0.0008
0.001
0.002
0.004
0.006
0.008
0.01
Ended at 2023-03-04 08:02:07.587460. Elapsed time 11:06:16.274862
