cuda
Started at 2023-03-03 20:57:15.863584
(2541878, 14)
Static features ['UNDER5', 'AGE517', 'AGE1829', 'AGE3039', 'AGE4049', 'AGE5064', 'AGE6574', 'AGE75PLUS'].   Choosing feature AGE6574.
There are 3142 unique counties in the dataset.
Train samples 2001454, validation samples 87976, test samples 87976
637 days of training, 15 days of validation data, 15 days of test data.
Scaling static and dynamic input features: ['AGE6574', 'VaccinationFull']
Scaling targets ['Cases']
Number of parameters in network: 16.5k

---Training results--

Delta 2e-06.
Feature AGE6574, mu_star 1.9536e-05, sensitivity 1.6921e-06
Feature VaccinationFull, mu_star 0.00087913, sensitivity 0.00016296

Delta 4e-06.
Feature AGE6574, mu_star 2.4301e-05, sensitivity 2.1048e-06
Feature VaccinationFull, mu_star 0.00052164, sensitivity 9.6695e-05

Delta 6e-06.
Feature AGE6574, mu_star 2.5731e-05, sensitivity 2.2286e-06
Feature VaccinationFull, mu_star 0.0003997, sensitivity 7.4091e-05

Delta 8e-06.
Feature AGE6574, mu_star 1.1555e-05, sensitivity 1.0008e-06
Feature VaccinationFull, mu_star 0.00033861, sensitivity 6.2767e-05

Delta 1e-05.
Feature AGE6574, mu_star 1.6201e-05, sensitivity 1.4032e-06
Feature VaccinationFull, mu_star 0.00030977, sensitivity 5.7421e-05

Delta 2e-05.
Feature AGE6574, mu_star -0.0002114, sensitivity -1.831e-05
Feature VaccinationFull, mu_star 0.00021757, sensitivity 4.033e-05

Delta 4e-05.
Feature AGE6574, mu_star -0.00011956, sensitivity -1.0356e-05
Feature VaccinationFull, mu_star 0.00019658, sensitivity 3.6439e-05

Delta 6e-05.
Feature AGE6574, mu_star -6.7384e-05, sensitivity -5.8363e-06
Feature VaccinationFull, mu_star 0.00019257, sensitivity 3.5695e-05

Delta 8e-05.
Feature AGE6574, mu_star 6.2718e-06, sensitivity 5.4322e-07
Feature VaccinationFull, mu_star 0.00018802, sensitivity 3.4852e-05

Delta 0.0001.
Feature AGE6574, mu_star -1.0921e-05, sensitivity -9.4592e-07
Feature VaccinationFull, mu_star 0.00018627, sensitivity 3.4528e-05

Delta 0.0002.
Feature AGE6574, mu_star 1.4068e-05, sensitivity 1.2185e-06
Feature VaccinationFull, mu_star 0.0001821, sensitivity 3.3755e-05

Delta 0.0004.
Feature AGE6574, mu_star 2.2991e-07, sensitivity 1.9913e-08
Feature VaccinationFull, mu_star 0.00018253, sensitivity 3.3835e-05

Delta 0.0006.
Feature AGE6574, mu_star 5.1501e-06, sensitivity 4.4607e-07
Feature VaccinationFull, mu_star 0.00016366, sensitivity 3.0337e-05

Delta 0.0008.
Feature AGE6574, mu_star 2.5355e-06, sensitivity 2.1961e-07
Feature VaccinationFull, mu_star 0.00016363, sensitivity 3.0332e-05

Delta 0.001.
Feature AGE6574, mu_star 2.6626e-06, sensitivity 2.3062e-07
Feature VaccinationFull, mu_star 0.0001701, sensitivity 3.1531e-05

Delta 0.002.
Feature AGE6574, mu_star -8.853e-06, sensitivity -7.6679e-07
Feature VaccinationFull, mu_star 0.0001769, sensitivity 3.2791e-05

Delta 0.004.
Feature AGE6574, mu_star -2.5675e-05, sensitivity -2.2238e-06
Feature VaccinationFull, mu_star 0.00018412, sensitivity 3.413e-05

Delta 0.006.
Feature AGE6574, mu_star -4.6634e-05, sensitivity -4.0391e-06
Feature VaccinationFull, mu_star 0.0001898, sensitivity 3.5183e-05

Delta 0.008.
Feature AGE6574, mu_star -4.7436e-05, sensitivity -4.1086e-06
Feature VaccinationFull, mu_star 0.00019022, sensitivity 3.5261e-05

Delta 0.01.
Feature AGE6574, mu_star -4.4915e-05, sensitivity -3.8903e-06
Feature VaccinationFull, mu_star 0.00022941, sensitivity 4.2526e-05

2e-06
4e-06
6e-06
8e-06
1e-05
2e-05
4e-05
6e-05
8e-05
0.0001
0.0002
0.0004
0.0006
0.0008
0.001
0.002
0.004
0.006
0.008
0.01
Ended at 2023-03-04 07:48:38.090845. Elapsed time 10:51:22.227271
