cuda
Started at 2023-03-01 15:18:05.901118
(2541878, 14)
Static features ['UNDER5', 'AGE517', 'AGE1829', 'AGE3039', 'AGE4049', 'AGE5064', 'AGE6574', 'AGE75PLUS'].   Choosing feature AGE75PLUS.
There are 3142 unique counties in the dataset.
Train samples 2001454, validation samples 87976, test samples 87976
637 days of training, 15 days of validation data, 15 days of test data.
Scaling static and dynamic input features: ['AGE75PLUS', 'VaccinationFull']
Scaling targets ['Cases']
Number of parameters in network: 16.5k

---Training results--

Delta 0.0002.
Feature AGE75PLUS, mu_star 0.0045058, sensitivity 0.00039327
Feature VaccinationFull, mu_star 0.0031182, sensitivity 0.00057801

Delta 0.0004.
Feature AGE75PLUS, mu_star 0.0045034, sensitivity 0.00039307
Feature VaccinationFull, mu_star 0.0031141, sensitivity 0.00057725

Delta 0.0006.
Feature AGE75PLUS, mu_star 0.0046324, sensitivity 0.00040432
Feature VaccinationFull, mu_star 0.0027266, sensitivity 0.00050541

Delta 0.0008.
Feature AGE75PLUS, mu_star 0.0052752, sensitivity 0.00046043
Feature VaccinationFull, mu_star 0.0025323, sensitivity 0.00046941

Delta 0.001.
Feature AGE75PLUS, mu_star 0.0059809, sensitivity 0.00052202
Feature VaccinationFull, mu_star 0.0022992, sensitivity 0.0004262

Delta 0.002.
Feature AGE75PLUS, mu_star 0.0056134, sensitivity 0.00048995
Feature VaccinationFull, mu_star 0.0016518, sensitivity 0.00030618

Delta 0.004.
Feature AGE75PLUS, mu_star 0.0049048, sensitivity 0.0004281
Feature VaccinationFull, mu_star 0.0013007, sensitivity 0.0002411

Delta 0.006.
Feature AGE75PLUS, mu_star 0.0041053, sensitivity 0.00035832
Feature VaccinationFull, mu_star 0.0010758, sensitivity 0.00019941

Delta 0.008.
Feature AGE75PLUS, mu_star 0.0036601, sensitivity 0.00031946
Feature VaccinationFull, mu_star 0.0010181, sensitivity 0.00018872

Delta 0.01.
Feature AGE75PLUS, mu_star 0.0031166, sensitivity 0.00027203
Feature VaccinationFull, mu_star 0.0028252, sensitivity 0.00052371

0.0002
0.0004
0.0006
0.0008
0.001
0.002
0.004
0.006
0.008
0.01
Ended at 2023-03-01 21:36:11.339600. Elapsed time 6:18:05.438492
