cuda
Started at 2023-03-02 21:27:18.025668
(2541878, 14)
Static features ['UNDER5', 'AGE517', 'AGE1829', 'AGE3039', 'AGE4049', 'AGE5064', 'AGE6574', 'AGE75PLUS'].   Choosing feature AGE75PLUS.
There are 3142 unique counties in the dataset.
Train samples 2001454, validation samples 87976, test samples 87976
637 days of training, 15 days of validation data, 15 days of test data.
Scaling static and dynamic input features: ['AGE75PLUS', 'VaccinationFull']
Scaling targets ['Cases']
Number of parameters in network: 16.5k

---Training results--

Delta 0.0001.
Feature AGE75PLUS, mu_star 0.0022943, sensitivity 0.00020025
Feature VaccinationFull, mu_star 0.0042859, sensitivity 0.00079446

Delta 0.0002.
Feature AGE75PLUS, mu_star 0.004267, sensitivity 0.00037243
Feature VaccinationFull, mu_star 0.0037396, sensitivity 0.0006932

Delta 0.0003.
Feature AGE75PLUS, mu_star 0.0036594, sensitivity 0.0003194
Feature VaccinationFull, mu_star 0.0028783, sensitivity 0.00053355

Delta 0.0004.
Feature AGE75PLUS, mu_star 0.0044199, sensitivity 0.00038578
Feature VaccinationFull, mu_star 0.0036144, sensitivity 0.00066999

Delta 0.0005.
Feature AGE75PLUS, mu_star 0.0041911, sensitivity 0.0003658
Feature VaccinationFull, mu_star 0.0031354, sensitivity 0.0005812

Delta 0.0006.
Feature AGE75PLUS, mu_star 0.0047374, sensitivity 0.00041348
Feature VaccinationFull, mu_star 0.0028543, sensitivity 0.00052909

Delta 0.0007.
Feature AGE75PLUS, mu_star 0.0057752, sensitivity 0.00050407
Feature VaccinationFull, mu_star 0.0026319, sensitivity 0.00048787

Delta 0.0008.
Feature AGE75PLUS, mu_star 0.0054439, sensitivity 0.00047515
Feature VaccinationFull, mu_star 0.0025356, sensitivity 0.00047002

Delta 0.0009.
Feature AGE75PLUS, mu_star 0.0061106, sensitivity 0.00053335
Feature VaccinationFull, mu_star 0.0023637, sensitivity 0.00043816

Delta 0.001.
Feature AGE75PLUS, mu_star 0.0059215, sensitivity 0.00051684
Feature VaccinationFull, mu_star 0.0023011, sensitivity 0.00042655

0.0001
0.0002
0.0003
0.0004
0.0005
0.0006
0.0007
0.0008
0.0009
0.001
Ended at 2023-03-03 03:27:04.600568. Elapsed time 5:59:46.574909
