cuda
Started at 2023-02-28 22:49:41.411332
(2541878, 14)
Static features ['UNDER5', 'AGE517', 'AGE1829', 'AGE3039', 'AGE4049', 'AGE5064', 'AGE6574', 'AGE75PLUS'].   Choosing feature AGE75PLUS.
There are 3142 unique counties in the dataset.
Train samples 2001454, validation samples 87976, test samples 87976
637 days of training, 15 days of validation data, 15 days of test data.
Scaling static and dynamic input features: ['AGE75PLUS', 'VaccinationFull']
Scaling targets ['Cases']
Number of parameters in network: 16.5k

---Training results--

Delta -0.001.
Feature AGE75PLUS, mu_star -1.0879e-05, sensitivity -9.4952e-07
Feature VaccinationFull, mu_star -0.00025666, sensitivity -4.7576e-05

Delta -0.0008.
Feature AGE75PLUS, mu_star 5.7173e-06, sensitivity 4.9901e-07
Feature VaccinationFull, mu_star -0.00025318, sensitivity -4.6931e-05

Delta -0.0006.
Feature AGE75PLUS, mu_star 9.888e-06, sensitivity 8.6304e-07
Feature VaccinationFull, mu_star -0.00025615, sensitivity -4.7482e-05

Delta -0.0004.
Feature AGE75PLUS, mu_star 3.2554e-05, sensitivity 2.8414e-06
Feature VaccinationFull, mu_star -0.00025618, sensitivity -4.7488e-05

Delta -0.0002.
Feature AGE75PLUS, mu_star 7.4521e-05, sensitivity 6.5043e-06
Feature VaccinationFull, mu_star -0.00025269, sensitivity -4.684e-05

Delta 0.0002.
Feature AGE75PLUS, mu_star 6.3759e-05, sensitivity 5.565e-06
Feature VaccinationFull, mu_star -0.0002352, sensitivity -4.3599e-05

Delta 0.0004.
Feature AGE75PLUS, mu_star 6.2033e-05, sensitivity 5.4144e-06
Feature VaccinationFull, mu_star -0.0002288, sensitivity -4.2412e-05

Delta 0.0006.
Feature AGE75PLUS, mu_star 3.9465e-05, sensitivity 3.4445e-06
Feature VaccinationFull, mu_star -0.00019909, sensitivity -3.6905e-05

Delta 0.0008.
Feature AGE75PLUS, mu_star 3.1532e-05, sensitivity 2.7522e-06
Feature VaccinationFull, mu_star -0.00021925, sensitivity -4.0641e-05

Delta 0.001.
Feature AGE75PLUS, mu_star 3.1599e-05, sensitivity 2.7581e-06
Feature VaccinationFull, mu_star -0.00021899, sensitivity -4.0594e-05

-0.001
-0.0008
-0.0006
-0.0004
-0.0002
0.0002
0.0004
0.0006
0.0008
0.001
Ended at 2023-03-01 06:45:35.540312. Elapsed time 7:55:54.128992
