cuda
(80900, 7)
Static features ['AGE019'].   Choosing feature AGE019.
There are 100 unique counties in the dataset.
Train samples 64000, validation samples 2800, test samples 2800
640 days of training, 15 days of validation data, 15 days of test data.
Scaling static and dynamic input features: ['AGE019', 'VaccinationFull']
Scaling targets ['Cases']
Number of parameters in network: 16.5k

----Training started at 2023-02-12 16:02:16.032949----


----Training ended at 2023-02-12 16:16:18.466107, elapsed time 0:14:02.433158
Best model by validation loss saved at /home/xje4cy/TFT-pytorch-age-and-vaccination/results/age_groups_019/checkpoints/best-epoch=6.ckpt
Creating folder ../results/age_groups_019/figures
Loading best model from /home/xje4cy/TFT-pytorch-age-and-vaccination/results/age_groups_019/checkpoints/best-epoch=6.ckpt

---Training prediction--


Train raw prediction shapes

prediction list of length 1 torch.Size([61248, 15, 1])
encoder_attention torch.Size([61248, 15, 4, 13])
decoder_attention torch.Size([61248, 15, 4, 15])
static_variables torch.Size([61248, 1, 1])
encoder_variables torch.Size([61248, 13, 1, 3])
decoder_variables torch.Size([61248, 15, 1, 1])
decoder_lengths torch.Size([61248])
encoder_lengths torch.Size([61248])

---Training results--

Target Cases, MAE 128.15, RMSE 301.94, RMSLE 1.7353, SMAPE 0.63074. NNSE 0.82004.


---Validation results--

Target Cases, MAE 254.56, RMSE 490.08, RMSLE 2.6072, SMAPE 0.83521. NNSE 0.62269.


---Test results--

Target Cases, MAE 614.39, RMSE 1246.1, RMSLE 2.6367, SMAPE 0.84146. NNSE 0.58498.

Ended at 2023-02-12 16:17:14.441012. Elapsed time 0:14:58.408102
cuda
Started at 2023-02-12 16:17:22.070481
(80900, 7)
There are 100 unique counties in the dataset.
Train samples 64000, validation samples 2800, test samples 2800
640 days of training, 15 days of validation data, 15 days of test data.
Scaling static and dynamic input features: ['AGE019', 'VaccinationFull']
Scaling targets ['Cases']
Number of parameters in network: 16.5k

---Training results--

Delta 0.001.
Feature AGE019, mu_star 0.47273, sensitivity 0.066868
Feature VaccinationFull, mu_star 0.71194, sensitivity 0.21727

Delta 0.002.
Feature AGE019, mu_star 0.24591, sensitivity 0.034784
Feature VaccinationFull, mu_star 0.54334, sensitivity 0.16582

Delta 0.003.
Feature AGE019, mu_star 0.16815, sensitivity 0.023785
Feature VaccinationFull, mu_star 0.47866, sensitivity 0.14608

Delta 0.004.
Feature AGE019, mu_star 0.12939, sensitivity 0.018302
Feature VaccinationFull, mu_star 0.44701, sensitivity 0.13642

Delta 0.005.
Feature AGE019, mu_star 0.10704, sensitivity 0.015141
Feature VaccinationFull, mu_star 0.42725, sensitivity 0.13039

Delta 0.006.
Feature AGE019, mu_star 0.091864, sensitivity 0.012994
Feature VaccinationFull, mu_star 0.41157, sensitivity 0.1256

Delta 0.007.
Feature AGE019, mu_star 0.080923, sensitivity 0.011447
Feature VaccinationFull, mu_star 0.40503, sensitivity 0.12361

Delta 0.008.
Feature AGE019, mu_star 0.072648, sensitivity 0.010276
Feature VaccinationFull, mu_star 0.39281, sensitivity 0.11988

Delta 0.009.
Feature AGE019, mu_star 0.066615, sensitivity 0.0094227
Feature VaccinationFull, mu_star 0.38787, sensitivity 0.11837

Delta 0.01.
Feature AGE019, mu_star 0.061366, sensitivity 0.0086803
Feature VaccinationFull, mu_star 0.38576, sensitivity 0.11773

0.001
0.002
0.003
0.004
0.005
0.006
0.007
0.008
0.009
0.01
Ended at 2023-02-12 16:32:50.303230. Elapsed time 0:15:28.232765
cuda
(80900, 7)
Static features ['AGE2029'].   Choosing feature AGE2029.
There are 100 unique counties in the dataset.
Train samples 64000, validation samples 2800, test samples 2800
640 days of training, 15 days of validation data, 15 days of test data.
Scaling static and dynamic input features: ['AGE2029', 'VaccinationFull']
Scaling targets ['Cases']
Number of parameters in network: 16.5k

----Training started at 2023-02-12 16:33:02.580615----


----Training ended at 2023-02-12 16:51:23.391384, elapsed time 0:18:20.810769
Best model by validation loss saved at /home/xje4cy/TFT-pytorch-age-and-vaccination/results/age_groups_2029/checkpoints/best-epoch=9.ckpt
Creating folder ../results/age_groups_2029/figures
Loading best model from /home/xje4cy/TFT-pytorch-age-and-vaccination/results/age_groups_2029/checkpoints/best-epoch=9.ckpt

---Training prediction--


Train raw prediction shapes

prediction list of length 1 torch.Size([61248, 15, 1])
encoder_attention torch.Size([61248, 15, 4, 13])
decoder_attention torch.Size([61248, 15, 4, 15])
static_variables torch.Size([61248, 1, 1])
encoder_variables torch.Size([61248, 13, 1, 3])
decoder_variables torch.Size([61248, 15, 1, 1])
decoder_lengths torch.Size([61248])
encoder_lengths torch.Size([61248])

---Training results--

Target Cases, MAE 114.56, RMSE 293.24, RMSLE 1.5926, SMAPE 0.58445. NNSE 0.82851.


---Validation results--

Target Cases, MAE 235.07, RMSE 452.01, RMSLE 2.5999, SMAPE 0.88392. NNSE 0.65987.


---Test results--

Target Cases, MAE 625.3, RMSE 1280.5, RMSLE 2.5647, SMAPE 0.85426. NNSE 0.57171.

Ended at 2023-02-12 16:52:20.290827. Elapsed time 0:19:17.710254
cuda
Started at 2023-02-12 16:52:27.777482
(80900, 7)
There are 100 unique counties in the dataset.
Train samples 64000, validation samples 2800, test samples 2800
640 days of training, 15 days of validation data, 15 days of test data.
Scaling static and dynamic input features: ['AGE2029', 'VaccinationFull']
Scaling targets ['Cases']
Number of parameters in network: 16.5k

---Training results--

Delta 0.001.
Feature AGE2029, mu_star 0.38595, sensitivity 0.058574
Feature VaccinationFull, mu_star 0.89635, sensitivity 0.27355

Delta 0.002.
Feature AGE2029, mu_star 0.20729, sensitivity 0.03146
Feature VaccinationFull, mu_star 0.74532, sensitivity 0.22746

Delta 0.003.
Feature AGE2029, mu_star 0.15668, sensitivity 0.023779
Feature VaccinationFull, mu_star 0.69273, sensitivity 0.21141

Delta 0.004.
Feature AGE2029, mu_star 0.12517, sensitivity 0.018996
Feature VaccinationFull, mu_star 0.66215, sensitivity 0.20207

Delta 0.005.
Feature AGE2029, mu_star 0.1074, sensitivity 0.0163
Feature VaccinationFull, mu_star 0.64272, sensitivity 0.19614

Delta 0.006.
Feature AGE2029, mu_star 0.093953, sensitivity 0.014259
Feature VaccinationFull, mu_star 0.62906, sensitivity 0.19198

Delta 0.007.
Feature AGE2029, mu_star 0.084981, sensitivity 0.012897
Feature VaccinationFull, mu_star 0.62512, sensitivity 0.19077

Delta 0.008.
Feature AGE2029, mu_star 0.079824, sensitivity 0.012115
Feature VaccinationFull, mu_star 0.61815, sensitivity 0.18865

Delta 0.009.
Feature AGE2029, mu_star 0.074627, sensitivity 0.011326
Feature VaccinationFull, mu_star 0.61167, sensitivity 0.18667

Delta 0.01.
Feature AGE2029, mu_star 0.070833, sensitivity 0.01075
Feature VaccinationFull, mu_star 0.60835, sensitivity 0.18565

0.001
0.002
0.003
0.004
0.005
0.006
0.007
0.008
0.009
0.01
Ended at 2023-02-12 17:07:46.559298. Elapsed time 0:15:18.781832
cuda
(80900, 7)
Static features ['AGE3039'].   Choosing feature AGE3039.
There are 100 unique counties in the dataset.
Train samples 64000, validation samples 2800, test samples 2800
640 days of training, 15 days of validation data, 15 days of test data.
Scaling static and dynamic input features: ['AGE3039', 'VaccinationFull']
Scaling targets ['Cases']
Number of parameters in network: 16.5k

----Training started at 2023-02-12 17:07:58.861984----


----Training ended at 2023-02-12 17:17:52.768360, elapsed time 0:09:53.906376
Best model by validation loss saved at /home/xje4cy/TFT-pytorch-age-and-vaccination/results/age_groups_3039/checkpoints/best-epoch=3.ckpt
Creating folder ../results/age_groups_3039/figures
Loading best model from /home/xje4cy/TFT-pytorch-age-and-vaccination/results/age_groups_3039/checkpoints/best-epoch=3.ckpt

---Training prediction--


Train raw prediction shapes

prediction list of length 1 torch.Size([61248, 15, 1])
encoder_attention torch.Size([61248, 15, 4, 13])
decoder_attention torch.Size([61248, 15, 4, 15])
static_variables torch.Size([61248, 1, 1])
encoder_variables torch.Size([61248, 13, 1, 3])
decoder_variables torch.Size([61248, 15, 1, 1])
decoder_lengths torch.Size([61248])
encoder_lengths torch.Size([61248])

---Training results--

Target Cases, MAE 122.33, RMSE 318.12, RMSLE 1.5941, SMAPE 0.60659. NNSE 0.80412.


---Validation results--

Target Cases, MAE 245.12, RMSE 478.18, RMSLE 2.5921, SMAPE 0.94736. NNSE 0.63417.


---Test results--

Target Cases, MAE 638.69, RMSE 1319.6, RMSLE 2.5268, SMAPE 0.88855. NNSE 0.55692.

Ended at 2023-02-12 17:18:48.850464. Elapsed time 0:10:49.988517
cuda
Started at 2023-02-12 17:18:56.283916
(80900, 7)
There are 100 unique counties in the dataset.
Train samples 64000, validation samples 2800, test samples 2800
640 days of training, 15 days of validation data, 15 days of test data.
Scaling static and dynamic input features: ['AGE3039', 'VaccinationFull']
Scaling targets ['Cases']
Number of parameters in network: 16.5k

---Training results--

Delta 0.001.
Feature AGE3039, mu_star 0.40934, sensitivity 0.082276
Feature VaccinationFull, mu_star 0.81585, sensitivity 0.24898

Delta 0.002.
Feature AGE3039, mu_star 0.22759, sensitivity 0.045745
Feature VaccinationFull, mu_star 0.67894, sensitivity 0.2072

Delta 0.003.
Feature AGE3039, mu_star 0.15386, sensitivity 0.030924
Feature VaccinationFull, mu_star 0.64567, sensitivity 0.19704

Delta 0.004.
Feature AGE3039, mu_star 0.11688, sensitivity 0.023493
Feature VaccinationFull, mu_star 0.61158, sensitivity 0.18664

Delta 0.005.
Feature AGE3039, mu_star 0.094693, sensitivity 0.019033
Feature VaccinationFull, mu_star 0.58204, sensitivity 0.17763

Delta 0.006.
Feature AGE3039, mu_star 0.079449, sensitivity 0.015969
Feature VaccinationFull, mu_star 0.56823, sensitivity 0.17341

Delta 0.007.
Feature AGE3039, mu_star 0.068631, sensitivity 0.013795
Feature VaccinationFull, mu_star 0.56343, sensitivity 0.17195

Delta 0.008.
Feature AGE3039, mu_star 0.061276, sensitivity 0.012316
Feature VaccinationFull, mu_star 0.55827, sensitivity 0.17037

Delta 0.009.
Feature AGE3039, mu_star 0.055283, sensitivity 0.011112
Feature VaccinationFull, mu_star 0.5525, sensitivity 0.16861

Delta 0.01.
Feature AGE3039, mu_star 0.050584, sensitivity 0.010167
Feature VaccinationFull, mu_star 0.54613, sensitivity 0.16667

0.001
0.002
0.003
0.004
0.005
0.006
0.007
0.008
0.009
0.01
Ended at 2023-02-12 17:34:16.831395. Elapsed time 0:15:20.547496
cuda
(80900, 7)
Static features ['AGE4049'].   Choosing feature AGE4049.
There are 100 unique counties in the dataset.
Train samples 64000, validation samples 2800, test samples 2800
640 days of training, 15 days of validation data, 15 days of test data.
Scaling static and dynamic input features: ['AGE4049', 'VaccinationFull']
Scaling targets ['Cases']
Number of parameters in network: 16.5k

----Training started at 2023-02-12 17:34:28.853541----


----Training ended at 2023-02-12 17:49:57.162799, elapsed time 0:15:28.309258
Best model by validation loss saved at /home/xje4cy/TFT-pytorch-age-and-vaccination/results/age_groups_4049/checkpoints/best-epoch=7.ckpt
Creating folder ../results/age_groups_4049/figures
Loading best model from /home/xje4cy/TFT-pytorch-age-and-vaccination/results/age_groups_4049/checkpoints/best-epoch=7.ckpt

---Training prediction--


Train raw prediction shapes

prediction list of length 1 torch.Size([61248, 15, 1])
encoder_attention torch.Size([61248, 15, 4, 13])
decoder_attention torch.Size([61248, 15, 4, 15])
static_variables torch.Size([61248, 1, 1])
encoder_variables torch.Size([61248, 13, 1, 3])
decoder_variables torch.Size([61248, 15, 1, 1])
decoder_lengths torch.Size([61248])
encoder_lengths torch.Size([61248])

---Training results--

Target Cases, MAE 117.56, RMSE 291.2, RMSLE 1.6317, SMAPE 0.60624. NNSE 0.83049.


---Validation results--

Target Cases, MAE 236.21, RMSE 445.17, RMSLE 2.4902, SMAPE 0.87942. NNSE 0.66668.


---Test results--

Target Cases, MAE 610.79, RMSE 1257.9, RMSLE 2.6009, SMAPE 0.90674. NNSE 0.58042.

Ended at 2023-02-12 17:50:53.329500. Elapsed time 0:16:24.475991
cuda
Started at 2023-02-12 17:51:00.696774
(80900, 7)
There are 100 unique counties in the dataset.
Train samples 64000, validation samples 2800, test samples 2800
640 days of training, 15 days of validation data, 15 days of test data.
Scaling static and dynamic input features: ['AGE4049', 'VaccinationFull']
Scaling targets ['Cases']
Number of parameters in network: 16.5k

---Training results--

Delta 0.001.
Feature AGE4049, mu_star 0.38256, sensitivity 0.065782
Feature VaccinationFull, mu_star 0.79514, sensitivity 0.24266

Delta 0.002.
Feature AGE4049, mu_star 0.2157, sensitivity 0.037091
Feature VaccinationFull, mu_star 0.63092, sensitivity 0.19254

Delta 0.003.
Feature AGE4049, mu_star 0.15323, sensitivity 0.026349
Feature VaccinationFull, mu_star 0.57989, sensitivity 0.17697

Delta 0.004.
Feature AGE4049, mu_star 0.1175, sensitivity 0.020205
Feature VaccinationFull, mu_star 0.5439, sensitivity 0.16599

Delta 0.005.
Feature AGE4049, mu_star 0.096845, sensitivity 0.016653
Feature VaccinationFull, mu_star 0.52313, sensitivity 0.15965

Delta 0.006.
Feature AGE4049, mu_star 0.08387, sensitivity 0.014422
Feature VaccinationFull, mu_star 0.50989, sensitivity 0.15561

Delta 0.007.
Feature AGE4049, mu_star 0.073662, sensitivity 0.012666
Feature VaccinationFull, mu_star 0.50686, sensitivity 0.15468

Delta 0.008.
Feature AGE4049, mu_star 0.065829, sensitivity 0.011319
Feature VaccinationFull, mu_star 0.49845, sensitivity 0.15212

Delta 0.009.
Feature AGE4049, mu_star 0.060898, sensitivity 0.010472
Feature VaccinationFull, mu_star 0.49175, sensitivity 0.15007

Delta 0.01.
Feature AGE4049, mu_star 0.055927, sensitivity 0.0096169
Feature VaccinationFull, mu_star 0.48917, sensitivity 0.14929

0.001
0.002
0.003
0.004
0.005
0.006
0.007
0.008
0.009
0.01
Ended at 2023-02-12 18:06:21.924568. Elapsed time 0:15:21.227810
cuda
(80900, 7)
Static features ['AGE5064'].   Choosing feature AGE5064.
There are 100 unique counties in the dataset.
Train samples 64000, validation samples 2800, test samples 2800
640 days of training, 15 days of validation data, 15 days of test data.
Scaling static and dynamic input features: ['AGE5064', 'VaccinationFull']
Scaling targets ['Cases']
Number of parameters in network: 16.5k

----Training started at 2023-02-12 18:06:34.003597----


----Training ended at 2023-02-12 18:13:40.911036, elapsed time 0:07:06.907439
Best model by validation loss saved at /home/xje4cy/TFT-pytorch-age-and-vaccination/results/age_groups_5064/checkpoints/best-epoch=1.ckpt
Creating folder ../results/age_groups_5064/figures
Loading best model from /home/xje4cy/TFT-pytorch-age-and-vaccination/results/age_groups_5064/checkpoints/best-epoch=1.ckpt

---Training prediction--


Train raw prediction shapes

prediction list of length 1 torch.Size([61248, 15, 1])
encoder_attention torch.Size([61248, 15, 4, 13])
decoder_attention torch.Size([61248, 15, 4, 15])
static_variables torch.Size([61248, 1, 1])
encoder_variables torch.Size([61248, 13, 1, 3])
decoder_variables torch.Size([61248, 15, 1, 1])
decoder_lengths torch.Size([61248])
encoder_lengths torch.Size([61248])

---Training results--

Target Cases, MAE 138.4, RMSE 341.21, RMSLE 1.806, SMAPE 0.66701. NNSE 0.7811.


---Validation results--

Target Cases, MAE 251.31, RMSE 483.68, RMSLE 2.6822, SMAPE 0.90698. NNSE 0.62885.


---Test results--

Target Cases, MAE 636.35, RMSE 1270.1, RMSLE 2.6357, SMAPE 0.91562. NNSE 0.57568.

Ended at 2023-02-12 18:14:36.577140. Elapsed time 0:08:02.573573
cuda
Started at 2023-02-12 18:14:44.099128
(80900, 7)
There are 100 unique counties in the dataset.
Train samples 64000, validation samples 2800, test samples 2800
640 days of training, 15 days of validation data, 15 days of test data.
Scaling static and dynamic input features: ['AGE5064', 'VaccinationFull']
Scaling targets ['Cases']
Number of parameters in network: 16.5k

---Training results--

Delta 0.001.
Feature AGE5064, mu_star 0.31265, sensitivity 0.057532
Feature VaccinationFull, mu_star 1.0623, sensitivity 0.3242

Delta 0.002.
Feature AGE5064, mu_star 0.16956, sensitivity 0.031201
Feature VaccinationFull, mu_star 0.93054, sensitivity 0.28398

Delta 0.003.
Feature AGE5064, mu_star 0.1243, sensitivity 0.022872
Feature VaccinationFull, mu_star 0.88725, sensitivity 0.27077

Delta 0.004.
Feature AGE5064, mu_star 0.095667, sensitivity 0.017604
Feature VaccinationFull, mu_star 0.86121, sensitivity 0.26282

Delta 0.005.
Feature AGE5064, mu_star 0.077783, sensitivity 0.014313
Feature VaccinationFull, mu_star 0.84297, sensitivity 0.25726

Delta 0.006.
Feature AGE5064, mu_star 0.067025, sensitivity 0.012333
Feature VaccinationFull, mu_star 0.84092, sensitivity 0.25663

Delta 0.007.
Feature AGE5064, mu_star 0.060345, sensitivity 0.011104
Feature VaccinationFull, mu_star 0.83324, sensitivity 0.25429

Delta 0.008.
Feature AGE5064, mu_star 0.053587, sensitivity 0.0098607
Feature VaccinationFull, mu_star 0.82634, sensitivity 0.25218

Delta 0.009.
Feature AGE5064, mu_star 0.048585, sensitivity 0.0089403
Feature VaccinationFull, mu_star 0.82003, sensitivity 0.25026

Delta 0.01.
Feature AGE5064, mu_star 0.044921, sensitivity 0.008266
Feature VaccinationFull, mu_star 0.81528, sensitivity 0.24881

0.001
0.002
0.003
0.004
0.005
0.006
0.007
0.008
0.009
0.01
Ended at 2023-02-12 18:30:11.631864. Elapsed time 0:15:27.532751
cuda
(80900, 7)
Static features ['AGE6579'].   Choosing feature AGE6579.
There are 100 unique counties in the dataset.
Train samples 64000, validation samples 2800, test samples 2800
640 days of training, 15 days of validation data, 15 days of test data.
Scaling static and dynamic input features: ['AGE6579', 'VaccinationFull']
Scaling targets ['Cases']
Number of parameters in network: 16.5k

----Training started at 2023-02-12 18:30:23.829135----


----Training ended at 2023-02-12 18:37:33.362458, elapsed time 0:07:09.533323
Best model by validation loss saved at /home/xje4cy/TFT-pytorch-age-and-vaccination/results/age_groups_6579/checkpoints/best-epoch=1.ckpt
Creating folder ../results/age_groups_6579/figures
Loading best model from /home/xje4cy/TFT-pytorch-age-and-vaccination/results/age_groups_6579/checkpoints/best-epoch=1.ckpt

---Training prediction--


Train raw prediction shapes

prediction list of length 1 torch.Size([61248, 15, 1])
encoder_attention torch.Size([61248, 15, 4, 13])
decoder_attention torch.Size([61248, 15, 4, 15])
static_variables torch.Size([61248, 1, 1])
encoder_variables torch.Size([61248, 13, 1, 3])
decoder_variables torch.Size([61248, 15, 1, 1])
decoder_lengths torch.Size([61248])
encoder_lengths torch.Size([61248])

---Training results--

Target Cases, MAE 134.21, RMSE 330.86, RMSLE 1.7731, SMAPE 0.65847. NNSE 0.79145.


---Validation results--

Target Cases, MAE 246.52, RMSE 482.89, RMSLE 2.6329, SMAPE 0.91334. NNSE 0.62961.


---Test results--

Target Cases, MAE 638.95, RMSE 1284, RMSLE 2.6864, SMAPE 0.96676. NNSE 0.57038.

Ended at 2023-02-12 18:38:29.279640. Elapsed time 0:08:05.450546
cuda
Started at 2023-02-12 18:38:36.702332
(80900, 7)
There are 100 unique counties in the dataset.
Train samples 64000, validation samples 2800, test samples 2800
640 days of training, 15 days of validation data, 15 days of test data.
Scaling static and dynamic input features: ['AGE6579', 'VaccinationFull']
Scaling targets ['Cases']
Number of parameters in network: 16.5k

---Training results--

Delta 0.001.
Feature AGE6579, mu_star 0.39897, sensitivity 0.065674
Feature VaccinationFull, mu_star 1.1234, sensitivity 0.34284

Delta 0.002.
Feature AGE6579, mu_star 0.22475, sensitivity 0.036996
Feature VaccinationFull, mu_star 0.98148, sensitivity 0.29953

Delta 0.003.
Feature AGE6579, mu_star 0.15754, sensitivity 0.025932
Feature VaccinationFull, mu_star 0.93426, sensitivity 0.28512

Delta 0.004.
Feature AGE6579, mu_star 0.1233, sensitivity 0.020295
Feature VaccinationFull, mu_star 0.91425, sensitivity 0.27901

Delta 0.005.
Feature AGE6579, mu_star 0.10357, sensitivity 0.017049
Feature VaccinationFull, mu_star 0.88987, sensitivity 0.27157

Delta 0.006.
Feature AGE6579, mu_star 0.091117, sensitivity 0.014998
Feature VaccinationFull, mu_star 0.87821, sensitivity 0.26801

Delta 0.007.
Feature AGE6579, mu_star 0.082205, sensitivity 0.013532
Feature VaccinationFull, mu_star 0.87909, sensitivity 0.26828

Delta 0.008.
Feature AGE6579, mu_star 0.074806, sensitivity 0.012314
Feature VaccinationFull, mu_star 0.87985, sensitivity 0.26851

Delta 0.009.
Feature AGE6579, mu_star 0.070631, sensitivity 0.011626
Feature VaccinationFull, mu_star 0.8684, sensitivity 0.26502

Delta 0.01.
Feature AGE6579, mu_star 0.066601, sensitivity 0.010963
Feature VaccinationFull, mu_star 0.86605, sensitivity 0.2643

0.001
0.002
0.003
0.004
0.005
0.006
0.007
0.008
0.009
0.01
Ended at 2023-02-12 18:53:51.597642. Elapsed time 0:15:14.895328
cuda
(80900, 7)
Static features ['AGE80PLUS'].   Choosing feature AGE80PLUS.
There are 100 unique counties in the dataset.
Train samples 64000, validation samples 2800, test samples 2800
640 days of training, 15 days of validation data, 15 days of test data.
Scaling static and dynamic input features: ['AGE80PLUS', 'VaccinationFull']
Scaling targets ['Cases']
Number of parameters in network: 16.5k

----Training started at 2023-02-12 18:54:03.824337----


----Training ended at 2023-02-12 19:01:10.116900, elapsed time 0:07:06.292563
Best model by validation loss saved at /home/xje4cy/TFT-pytorch-age-and-vaccination/results/age_groups_80PLUS/checkpoints/best-epoch=1.ckpt
Creating folder ../results/age_groups_80PLUS/figures
Loading best model from /home/xje4cy/TFT-pytorch-age-and-vaccination/results/age_groups_80PLUS/checkpoints/best-epoch=1.ckpt

---Training prediction--


Train raw prediction shapes

prediction list of length 1 torch.Size([61248, 15, 1])
encoder_attention torch.Size([61248, 15, 4, 13])
decoder_attention torch.Size([61248, 15, 4, 15])
static_variables torch.Size([61248, 1, 1])
encoder_variables torch.Size([61248, 13, 1, 3])
decoder_variables torch.Size([61248, 15, 1, 1])
decoder_lengths torch.Size([61248])
encoder_lengths torch.Size([61248])

---Training results--

Target Cases, MAE 133.03, RMSE 335.36, RMSLE 1.7724, SMAPE 0.64924. NNSE 0.78696.


---Validation results--

Target Cases, MAE 251.87, RMSE 492.21, RMSLE 2.6237, SMAPE 0.91945. NNSE 0.62065.


---Test results--

Target Cases, MAE 641.2, RMSE 1287, RMSLE 2.7034, SMAPE 0.97425. NNSE 0.56921.

Ended at 2023-02-12 19:02:05.929043. Elapsed time 0:08:02.104759
cuda
Started at 2023-02-12 19:02:13.396428
(80900, 7)
There are 100 unique counties in the dataset.
Train samples 64000, validation samples 2800, test samples 2800
640 days of training, 15 days of validation data, 15 days of test data.
Scaling static and dynamic input features: ['AGE80PLUS', 'VaccinationFull']
Scaling targets ['Cases']
Number of parameters in network: 16.5k

---Training results--

Delta 0.001.
Feature AGE80PLUS, mu_star 0.34892, sensitivity 0.068915
Feature VaccinationFull, mu_star 1.1105, sensitivity 0.33889

Delta 0.002.
Feature AGE80PLUS, mu_star 0.19284, sensitivity 0.038088
Feature VaccinationFull, mu_star 0.97758, sensitivity 0.29834

Delta 0.003.
Feature AGE80PLUS, mu_star 0.13728, sensitivity 0.027114
Feature VaccinationFull, mu_star 0.92415, sensitivity 0.28203

Delta 0.004.
Feature AGE80PLUS, mu_star 0.10747, sensitivity 0.021226
Feature VaccinationFull, mu_star 0.90044, sensitivity 0.2748

Delta 0.005.
Feature AGE80PLUS, mu_star 0.09006, sensitivity 0.017788
Feature VaccinationFull, mu_star 0.8816, sensitivity 0.26905

Delta 0.006.
Feature AGE80PLUS, mu_star 0.080697, sensitivity 0.015938
Feature VaccinationFull, mu_star 0.87216, sensitivity 0.26617

Delta 0.007.
Feature AGE80PLUS, mu_star 0.072047, sensitivity 0.01423
Feature VaccinationFull, mu_star 0.86923, sensitivity 0.26527

Delta 0.008.
Feature AGE80PLUS, mu_star 0.065924, sensitivity 0.013021
Feature VaccinationFull, mu_star 0.86255, sensitivity 0.26323

Delta 0.009.
Feature AGE80PLUS, mu_star 0.060359, sensitivity 0.011921
Feature VaccinationFull, mu_star 0.85724, sensitivity 0.26161

Delta 0.01.
Feature AGE80PLUS, mu_star 0.056412, sensitivity 0.011142
Feature VaccinationFull, mu_star 0.8519, sensitivity 0.25998

0.001
0.002
0.003
0.004
0.005
0.006
0.007
0.008
0.009
0.01
Ended at 2023-02-12 19:17:35.462545. Elapsed time 0:15:22.066133
