cuda
Started at 2023-03-01 15:05:23.215939
(2541878, 14)
Static features ['UNDER5', 'AGE517', 'AGE1829', 'AGE3039', 'AGE4049', 'AGE5064', 'AGE6574', 'AGE75PLUS'].   Choosing feature AGE517.
There are 3142 unique counties in the dataset.
Train samples 2001454, validation samples 87976, test samples 87976
637 days of training, 15 days of validation data, 15 days of test data.
Scaling static and dynamic input features: ['AGE517', 'VaccinationFull']
Scaling targets ['Cases']
Number of parameters in network: 16.5k

---Training results--

Delta 0.0002.
Feature AGE517, mu_star 0.0086629, sensitivity 0.00073752
Feature VaccinationFull, mu_star 0.004779, sensitivity 0.00088587

Delta 0.0004.
Feature AGE517, mu_star 0.0082923, sensitivity 0.00070597
Feature VaccinationFull, mu_star 0.0038692, sensitivity 0.00071722

Delta 0.0006.
Feature AGE517, mu_star 0.0082813, sensitivity 0.00070503
Feature VaccinationFull, mu_star 0.003172, sensitivity 0.00058798

Delta 0.0008.
Feature AGE517, mu_star 0.0076457, sensitivity 0.00065092
Feature VaccinationFull, mu_star 0.0026086, sensitivity 0.00048354

Delta 0.001.
Feature AGE517, mu_star 0.0084059, sensitivity 0.00071564
Feature VaccinationFull, mu_star 0.0023589, sensitivity 0.00043727

Delta 0.002.
Feature AGE517, mu_star 0.0070079, sensitivity 0.00059663
Feature VaccinationFull, mu_star 0.0015474, sensitivity 0.00028683

Delta 0.004.
Feature AGE517, mu_star 0.005304, sensitivity 0.00045156
Feature VaccinationFull, mu_star 0.0011658, sensitivity 0.0002161

Delta 0.006.
Feature AGE517, mu_star 0.0043138, sensitivity 0.00036726
Feature VaccinationFull, mu_star 0.00093094, sensitivity 0.00017257

Delta 0.008.
Feature AGE517, mu_star 0.0036122, sensitivity 0.00030752
Feature VaccinationFull, mu_star 0.00086244, sensitivity 0.00015987

Delta 0.01.
Feature AGE517, mu_star 0.0030374, sensitivity 0.00025859
Feature VaccinationFull, mu_star 0.0027317, sensitivity 0.00050636

0.0002
0.0004
0.0006
0.0008
0.001
0.002
0.004
0.006
0.008
0.01
Ended at 2023-03-01 21:17:20.084322. Elapsed time 6:11:56.868400
