cuda
Started at 2023-03-02 13:03:37.935986
(2541878, 14)
Static features ['UNDER5', 'AGE517', 'AGE1829', 'AGE3039', 'AGE4049', 'AGE5064', 'AGE6574', 'AGE75PLUS'].   Choosing feature AGE4049.
There are 3142 unique counties in the dataset.
Train samples 2001454, validation samples 87976, test samples 87976
637 days of training, 15 days of validation data, 15 days of test data.
Scaling static and dynamic input features: ['AGE4049', 'VaccinationFull']
Scaling targets ['Cases']
Number of parameters in network: 16.5k

---Training results--

Delta 2e-06.
Feature AGE4049, mu_star 6.385e-05, sensitivity 3.96e-06
Feature VaccinationFull, mu_star 0.082071, sensitivity 0.015213

Delta 4e-06.
Feature AGE4049, mu_star 5.6702e-05, sensitivity 3.5167e-06
Feature VaccinationFull, mu_star 0.041833, sensitivity 0.0077544

Delta 6e-06.
Feature AGE4049, mu_star 5.6226e-05, sensitivity 3.4872e-06
Feature VaccinationFull, mu_star 0.028365, sensitivity 0.0052579

Delta 8e-06.
Feature AGE4049, mu_star 5.706e-05, sensitivity 3.5389e-06
Feature VaccinationFull, mu_star 0.021629, sensitivity 0.0040094

Delta 1e-05.
Feature AGE4049, mu_star 5.6417e-05, sensitivity 3.499e-06
Feature VaccinationFull, mu_star 0.017573, sensitivity 0.0032575

Delta 2e-05.
Feature AGE4049, mu_star 0.0034777, sensitivity 0.00021569
Feature VaccinationFull, mu_star 0.016985, sensitivity 0.0031485

Delta 4e-05.
Feature AGE4049, mu_star 0.004267, sensitivity 0.00026464
Feature VaccinationFull, mu_star 0.0091929, sensitivity 0.0017041

Delta 6e-05.
Feature AGE4049, mu_star 0.021069, sensitivity 0.0013067
Feature VaccinationFull, mu_star 0.0094832, sensitivity 0.0017579

Delta 8e-05.
Feature AGE4049, mu_star 0.017291, sensitivity 0.0010724
Feature VaccinationFull, mu_star 0.0074736, sensitivity 0.0013854

Delta 0.0001.
Feature AGE4049, mu_star 0.017243, sensitivity 0.0010694
Feature VaccinationFull, mu_star 0.0062604, sensitivity 0.0011605

2e-06
4e-06
6e-06
8e-06
1e-05
2e-05
4e-05
6e-05
8e-05
0.0001
Ended at 2023-03-02 19:08:58.154361. Elapsed time 6:05:20.218385
