cuda
Started at 2023-03-02 21:19:27.218019
(2541878, 14)
Static features ['UNDER5', 'AGE517', 'AGE1829', 'AGE3039', 'AGE4049', 'AGE5064', 'AGE6574', 'AGE75PLUS'].   Choosing feature UNDER5.
There are 3142 unique counties in the dataset.
Train samples 2001454, validation samples 87976, test samples 87976
637 days of training, 15 days of validation data, 15 days of test data.
Scaling static and dynamic input features: ['UNDER5', 'VaccinationFull']
Scaling targets ['Cases']
Number of parameters in network: 16.5k

---Training results--

Delta 0.0001.
Feature UNDER5, mu_star 0.0038852, sensitivity 0.00032857
Feature VaccinationFull, mu_star 0.0036514, sensitivity 0.00067685

Delta 0.0002.
Feature UNDER5, mu_star 0.0043041, sensitivity 0.00036399
Feature VaccinationFull, mu_star 0.0046677, sensitivity 0.00086523

Delta 0.0003.
Feature UNDER5, mu_star 0.0072064, sensitivity 0.00060943
Feature VaccinationFull, mu_star 0.0034178, sensitivity 0.00063355

Delta 0.0004.
Feature UNDER5, mu_star 0.0061835, sensitivity 0.00052292
Feature VaccinationFull, mu_star 0.0037094, sensitivity 0.0006876

Delta 0.0005.
Feature UNDER5, mu_star 0.0054368, sensitivity 0.00045978
Feature VaccinationFull, mu_star 0.0032716, sensitivity 0.00060645

Delta 0.0006.
Feature UNDER5, mu_star 0.0046298, sensitivity 0.00039154
Feature VaccinationFull, mu_star 0.0032969, sensitivity 0.00061114

Delta 0.0007.
Feature UNDER5, mu_star 0.0050444, sensitivity 0.00042659
Feature VaccinationFull, mu_star 0.002893, sensitivity 0.00053627

Delta 0.0008.
Feature UNDER5, mu_star 0.0048583, sensitivity 0.00041086
Feature VaccinationFull, mu_star 0.003026, sensitivity 0.00056092

Delta 0.0009.
Feature UNDER5, mu_star 0.004508, sensitivity 0.00038123
Feature VaccinationFull, mu_star 0.0028838, sensitivity 0.00053456

Delta 0.001.
Feature UNDER5, mu_star 0.0047391, sensitivity 0.00040078
Feature VaccinationFull, mu_star 0.0027306, sensitivity 0.00050617

0.0001
0.0002
0.0003
0.0004
0.0005
0.0006
0.0007
0.0008
0.0009
0.001
Ended at 2023-03-03 03:27:17.996849. Elapsed time 6:07:50.778840
