cuda
(2541878, 14)
Static features ['UNDER5', 'AGE517', 'AGE1829', 'AGE3039', 'AGE4049', 'AGE5064', 'AGE6574', 'AGE75PLUS'].   Choosing feature AGE75PLUS.
There are 3142 unique counties in the dataset.
Train samples 2001454, validation samples 87976, test samples 87976
637 days of training, 15 days of validation data, 15 days of test data.
Scaling static and dynamic input features: ['AGE75PLUS', 'VaccinationFull']
Scaling targets ['Cases']
Number of parameters in network: 16.5k

----Training started at 2023-02-28 12:35:46.425650----


----Training ended at 2023-02-28 16:02:07.670378, elapsed time 3:26:21.244728
Best model by validation loss saved at /home/xje4cy/MLcommons/TFT-pytorch-AgeGroups/results/AGE75PLUS/checkpoints/best-epoch=0.ckpt
Creating folder ../results/AGE75PLUS/figures
Loading best model from /home/xje4cy/MLcommons/TFT-pytorch-AgeGroups/results/AGE75PLUS/checkpoints/best-epoch=0.ckpt

---Training prediction--


Train raw prediction shapes

prediction list of length 1 torch.Size([1916608, 15, 1])
encoder_attention torch.Size([1916608, 15, 4, 13])
decoder_attention torch.Size([1916608, 15, 4, 15])
static_variables torch.Size([1916608, 1, 1])
encoder_variables torch.Size([1916608, 13, 1, 3])
decoder_variables torch.Size([1916608, 15, 1, 1])
decoder_lengths torch.Size([1916608])
encoder_lengths torch.Size([1916608])

---Training results--

Target Cases, MAE 10.483, RMSE 60.718, RMSLE 0.87554, SMAPE 0.6795. NNSE 0.82627.


---Validation results--

Target Cases, MAE 19.104, RMSE 83.801, RMSLE 1.2259, SMAPE 0.82393. NNSE 0.73873.


---Test results--

Target Cases, MAE 31.712, RMSE 204.39, RMSLE 1.3317, SMAPE 0.83504. NNSE 0.6592.

Ended at 2023-02-28 16:31:23.039843. Elapsed time 3:55:36.614219
