cuda
Started at 2023-03-13 22:40:24.262107
(2541878, 14)
Static features ['UNDER5', 'AGE517', 'AGE1829', 'AGE3039', 'AGE4049', 'AGE5064', 'AGE6574', 'AGE75PLUS'].   Choosing feature AGE4049.
There are 3142 unique counties in the dataset.
Train samples 2001454, validation samples 87976, test samples 87976
637 days of training, 15 days of validation data, 15 days of test data.
Scaling static and dynamic input features: ['AGE4049', 'VaccinationFull']
Scaling targets ['Cases']
Number of parameters in network: 16.5k

---Training results--

Delta -0.01.
Feature AGE4049, mu_star 3.8313e-05, sensitivity 2.3762e-06
Feature VaccinationFull, mu_star -0.00073256, sensitivity -0.00013579

Delta -0.009.
Feature AGE4049, mu_star 5.0227e-05, sensitivity 3.1151e-06
Feature VaccinationFull, mu_star -0.00072046, sensitivity -0.00013355

Delta -0.008.
Feature AGE4049, mu_star 5.291e-05, sensitivity 3.2815e-06
Feature VaccinationFull, mu_star -0.00069577, sensitivity -0.00012897

Delta -0.007.
Feature AGE4049, mu_star 5.9893e-05, sensitivity 3.7146e-06
Feature VaccinationFull, mu_star -0.00066912, sensitivity -0.00012403

Delta -0.006.
Feature AGE4049, mu_star 4.7016e-05, sensitivity 2.916e-06
Feature VaccinationFull, mu_star -0.0010206, sensitivity -0.00018918

Delta -0.005.
Feature AGE4049, mu_star 4.6984e-05, sensitivity 2.914e-06
Feature VaccinationFull, mu_star -0.0010057, sensitivity -0.00018643

Delta -0.004.
Feature AGE4049, mu_star 4.8861e-05, sensitivity 3.0304e-06
Feature VaccinationFull, mu_star -0.00098387, sensitivity -0.00018238

Delta -0.003.
Feature AGE4049, mu_star 3.4938e-05, sensitivity 2.1669e-06
Feature VaccinationFull, mu_star -0.00095671, sensitivity -0.00017734

Delta -0.002.
Feature AGE4049, mu_star -6.8586e-06, sensitivity -4.2537e-07
Feature VaccinationFull, mu_star -0.00092451, sensitivity -0.00017137

Delta -0.001.
Feature AGE4049, mu_star -7.3425e-05, sensitivity -4.5539e-06
Feature VaccinationFull, mu_star -0.00088756, sensitivity -0.00016452

Delta 0.001.
Feature AGE4049, mu_star -1.2833e-05, sensitivity -7.959e-07
Feature VaccinationFull, mu_star -0.00081809, sensitivity -0.00015165

Delta 0.002.
Feature AGE4049, mu_star -3.6084e-05, sensitivity -2.2379e-06
Feature VaccinationFull, mu_star -0.00077713, sensitivity -0.00014405

Delta 0.003.
Feature AGE4049, mu_star -4.3926e-05, sensitivity -2.7243e-06
Feature VaccinationFull, mu_star -0.00074758, sensitivity -0.00013858

Delta 0.004.
Feature AGE4049, mu_star -4.4609e-05, sensitivity -2.7667e-06
Feature VaccinationFull, mu_star -0.00071666, sensitivity -0.00013285

Delta 0.005.
Feature AGE4049, mu_star -3.1713e-05, sensitivity -1.9669e-06
Feature VaccinationFull, mu_star -0.0006845, sensitivity -0.00012688

Delta 0.006.
Feature AGE4049, mu_star -4.147e-05, sensitivity -2.572e-06
Feature VaccinationFull, mu_star -0.00066575, sensitivity -0.00012341

Delta 0.007.
Feature AGE4049, mu_star -3.4186e-05, sensitivity -2.1202e-06
Feature VaccinationFull, mu_star -0.00064355, sensitivity -0.00011929

Delta 0.008.
Feature AGE4049, mu_star -2.2925e-05, sensitivity -1.4218e-06
Feature VaccinationFull, mu_star -0.0006193, sensitivity -0.0001148

Delta 0.009.
Feature AGE4049, mu_star -4.2614e-06, sensitivity -2.643e-07
Feature VaccinationFull, mu_star -0.00041189, sensitivity -7.6351e-05

Delta 0.01.
Feature AGE4049, mu_star 5.0416e-06, sensitivity 3.1268e-07
Feature VaccinationFull, mu_star -0.00042539, sensitivity -7.8853e-05

-0.01
-0.009
-0.008
-0.007
-0.006
-0.005
-0.004
-0.003
-0.002
-0.001
0.001
0.002
0.003
0.004
0.005
0.006
0.007
0.008
0.009
0.01
Ended at 2023-03-14 14:17:11.967429. Elapsed time 15:36:47.705332
